Using pre-set license
Built from '2021.1/staging' branch; Version is '2021.1.6f1 (c0fade0cc7e9) revision 12647134'; Using compiler version '192528614'; Build Type 'Release'
OS: 'Windows 10 Pro; OS build 19043.1586; Version 2009; 64bit' Language: 'ru' Physical Memory: 24413 MB
BatchMode: 1, IsHumanControllingUs: 0, StartBugReporterOnCrash: 0, Is64bit: 1, IsPro: 0

 COMMAND LINE ARGUMENTS:
C:\Program Files\Unity 2021.1.6f1\Editor\Unity.exe
-adb2
-batchMode
-noUpm
-name
AssetImportWorker0
-projectPath
D:/CODE/UnityStudy/Course2_project
-logFile
Logs/AssetImportWorker0.log
-srvPort
50377
Successfully changed project path to: D:/CODE/UnityStudy/Course2_project
D:/CODE/UnityStudy/Course2_project
Using Asset Import Pipeline V2.
Refreshing native plugins compatible for Editor in 141.96 ms, found 1 plugins.
Preloading 0 native plugins for Editor in 0.00 ms.
Initialize engine version: 2021.1.6f1 (c0fade0cc7e9)
[Subsystems] Discovering subsystems at path C:/Program Files/Unity 2021.1.6f1/Editor/Data/Resources/UnitySubsystems
[Subsystems] Discovering subsystems at path D:/CODE/UnityStudy/Course2_project/Assets
GfxDevice: creating device client; threaded=0; jobified=0
Direct3D:
    Version:  Direct3D 11.0 [level 11.1]
    Renderer: NVIDIA GeForce GTX 1650 (ID=0x1f91)
    Vendor:   NVIDIA
    VRAM:     3962 MB
    Driver:   27.21.14.5167
Shader 'Universal Render Pipeline/Particles/Lit': fallback shader 'Universal Render Pipeline/Particles/SimpleLit' not found
Initialize mono
Mono path[0] = 'C:/Program Files/Unity 2021.1.6f1/Editor/Data/Managed'
Mono path[1] = 'C:/Program Files/Unity 2021.1.6f1/Editor/Data/MonoBleedingEdge/lib/mono/unityjit'
Mono config path = 'C:/Program Files/Unity 2021.1.6f1/Editor/Data/MonoBleedingEdge/etc'
Using monoOptions --debugger-agent=transport=dt_socket,embedding=1,server=y,suspend=n,address=127.0.0.1:56656
Begin MonoManager ReloadAssembly
Registering precompiled unity dll's ...
Register platform support module: C:/Program Files/Unity 2021.1.6f1/Editor/Data/PlaybackEngines/WebGLSupport/UnityEditor.WebGL.Extensions.dll
Register platform support module: C:/Program Files/Unity 2021.1.6f1/Editor/Data/PlaybackEngines/MacStandaloneSupport/UnityEditor.OSXStandalone.Extensions.dll
Register platform support module: C:/Program Files/Unity 2021.1.6f1/Editor/Data/PlaybackEngines/WindowsStandaloneSupport/UnityEditor.WindowsStandalone.Extensions.dll
Register platform support module: C:/Program Files/Unity 2021.1.6f1/Editor/Data/PlaybackEngines/LinuxStandaloneSupport/UnityEditor.LinuxStandalone.Extensions.dll
Registered in 0.001633 seconds.
Native extension for LinuxStandalone target not found
Native extension for WindowsStandalone target not found
Native extension for OSXStandalone target not found
Native extension for WebGL target not found
Refreshing native plugins compatible for Editor in 117.80 ms, found 1 plugins.
Preloading 0 native plugins for Editor in 0.00 ms.
Mono: successfully reloaded assembly
- Completed reload, in  1.420 seconds
Platform modules already initialized, skipping
Registering precompiled user dll's ...
Registered in 0.002639 seconds.
Begin MonoManager ReloadAssembly
Native extension for LinuxStandalone target not found
Native extension for WindowsStandalone target not found
Native extension for OSXStandalone target not found
Native extension for WebGL target not found
Refreshing native plugins compatible for Editor in 124.28 ms, found 1 plugins.
Preloading 0 native plugins for Editor in 0.00 ms.
Mono: successfully reloaded assembly
- Completed reload, in  1.178 seconds
Platform modules already initialized, skipping
========================================================================
Worker process is ready to serve import requests
Shader 'Universal Render Pipeline/Particles/Lit': fallback shader 'Universal Render Pipeline/Particles/SimpleLit' not found
Launched and connected shader compiler UnityShaderCompiler.exe after 0.04 seconds
Refreshing native plugins compatible for Editor in 0.83 ms, found 1 plugins.
Preloading 0 native plugins for Editor in 0.00 ms.
Unloading 4819 Unused Serialized files (Serialized files now loaded: 0)
System memory in use before: 185.6 MB.
System memory in use after: 185.9 MB.

Unloading 16 unused Assets to reduce memory usage. Loaded Objects now: 5274.
Total: 2.627300 ms (FindLiveObjects: 0.329600 ms CreateObjectMapping: 0.186800 ms MarkObjects: 2.053600 ms  DeleteObjects: 0.056600 ms)

========================================================================
Received Import Request.
  path: Assets/Scenes/Level 1.unity
  artifactKey: Guid(9fc0d4010bbf28b4594072e72b8655ab) Importer(815301076,1909f56bfc062723c751e8b465ee728b)
Start importing Assets/Scenes/Level 1.unity using Guid(9fc0d4010bbf28b4594072e72b8655ab) Importer(815301076,1909f56bfc062723c751e8b465ee728b)  -> (artifact id: '34ed3a48b0571014495c8489fc31e241') in 0.017422 seconds 
========================================================================
Received Import Request.
  Time since last request: 1.234636 seconds.
  path: Assets/Scenes/MainMenu.unity
  artifactKey: Guid(a91eed63bd4b7a248b35fcb7613cbc1b) Importer(815301076,1909f56bfc062723c751e8b465ee728b)
Start importing Assets/Scenes/MainMenu.unity using Guid(a91eed63bd4b7a248b35fcb7613cbc1b) Importer(815301076,1909f56bfc062723c751e8b465ee728b)  -> (artifact id: '37869548a2364d44b5f128ee5047858e') in 0.007698 seconds 
========================================================================
Received Prepare
Registering precompiled user dll's ...
Registered in 0.002637 seconds.
Begin MonoManager ReloadAssembly
Native extension for LinuxStandalone target not found
Native extension for WindowsStandalone target not found
Native extension for OSXStandalone target not found
Native extension for WebGL target not found
Refreshing native plugins compatible for Editor in 0.76 ms, found 1 plugins.
Preloading 0 native plugins for Editor in 0.00 ms.
Mono: successfully reloaded assembly
- Completed reload, in  0.961 seconds
Platform modules already initialized, skipping
Shader 'Universal Render Pipeline/Particles/Lit': fallback shader 'Universal Render Pipeline/Particles/SimpleLit' not found
Refreshing native plugins compatible for Editor in 0.81 ms, found 1 plugins.
Preloading 0 native plugins for Editor in 0.00 ms.
Unloading 4722 Unused Serialized files (Serialized files now loaded: 0)
System memory in use before: 176.7 MB.
System memory in use after: 177.0 MB.

Unloading 11 unused Assets to reduce memory usage. Loaded Objects now: 5277.
Total: 2.634800 ms (FindLiveObjects: 0.328000 ms CreateObjectMapping: 0.203600 ms MarkObjects: 2.084900 ms  DeleteObjects: 0.017500 ms)

========================================================================
Received Prepare
Registering precompiled user dll's ...
Registered in 0.002441 seconds.
Begin MonoManager ReloadAssembly
Native extension for LinuxStandalone target not found
Native extension for WindowsStandalone target not found
Native extension for OSXStandalone target not found
Native extension for WebGL target not found
Refreshing native plugins compatible for Editor in 0.84 ms, found 1 plugins.
Preloading 0 native plugins for Editor in 0.00 ms.
Mono: successfully reloaded assembly
- Completed reload, in  1.214 seconds
Platform modules already initialized, skipping
Shader 'Universal Render Pipeline/Particles/Lit': fallback shader 'Universal Render Pipeline/Particles/SimpleLit' not found
Refreshing native plugins compatible for Editor in 0.79 ms, found 1 plugins.
Preloading 0 native plugins for Editor in 0.00 ms.
Unloading 4722 Unused Serialized files (Serialized files now loaded: 0)
System memory in use before: 176.8 MB.
System memory in use after: 177.1 MB.

Unloading 11 unused Assets to reduce memory usage. Loaded Objects now: 5280.
Total: 2.640700 ms (FindLiveObjects: 0.343800 ms CreateObjectMapping: 0.260100 ms MarkObjects: 2.015400 ms  DeleteObjects: 0.020500 ms)

========================================================================
Received Prepare
Registering precompiled user dll's ...
Registered in 0.002551 seconds.
Begin MonoManager ReloadAssembly
Native extension for LinuxStandalone target not found
Native extension for WindowsStandalone target not found
Native extension for OSXStandalone target not found
Native extension for WebGL target not found
Refreshing native plugins compatible for Editor in 0.85 ms, found 1 plugins.
Preloading 0 native plugins for Editor in 0.00 ms.
Mono: successfully reloaded assembly
- Completed reload, in  1.108 seconds
Platform modules already initialized, skipping
Shader 'Universal Render Pipeline/Particles/Lit': fallback shader 'Universal Render Pipeline/Particles/SimpleLit' not found
Refreshing native plugins compatible for Editor in 1.44 ms, found 1 plugins.
Preloading 0 native plugins for Editor in 0.00 ms.
Unloading 4722 Unused Serialized files (Serialized files now loaded: 0)
System memory in use before: 176.8 MB.
System memory in use after: 177.1 MB.

Unloading 11 unused Assets to reduce memory usage. Loaded Objects now: 5283.
Total: 3.182200 ms (FindLiveObjects: 0.437300 ms CreateObjectMapping: 0.426000 ms MarkObjects: 2.298700 ms  DeleteObjects: 0.019200 ms)

========================================================================
Received Prepare
Registering precompiled user dll's ...
Registered in 0.004392 seconds.
Begin MonoManager ReloadAssembly
Native extension for LinuxStandalone target not found
Native extension for WindowsStandalone target not found
Native extension for OSXStandalone target not found
Native extension for WebGL target not found
Refreshing native plugins compatible for Editor in 1.24 ms, found 1 plugins.
Preloading 0 native plugins for Editor in 0.00 ms.
Mono: successfully reloaded assembly
- Completed reload, in  1.149 seconds
Platform modules already initialized, skipping
Shader 'Universal Render Pipeline/Particles/Lit': fallback shader 'Universal Render Pipeline/Particles/SimpleLit' not found
Refreshing native plugins compatible for Editor in 1.05 ms, found 1 plugins.
Preloading 0 native plugins for Editor in 0.00 ms.
Unloading 4722 Unused Serialized files (Serialized files now loaded: 0)
System memory in use before: 176.9 MB.
System memory in use after: 177.1 MB.

Unloading 11 unused Assets to reduce memory usage. Loaded Objects now: 5286.
Total: 4.513800 ms (FindLiveObjects: 0.449100 ms CreateObjectMapping: 0.355400 ms MarkObjects: 3.598600 ms  DeleteObjects: 0.107500 ms)

========================================================================
Received Prepare
Registering precompiled user dll's ...
Registered in 0.002649 seconds.
Begin MonoManager ReloadAssembly
Native extension for LinuxStandalone target not found
Native extension for WindowsStandalone target not found
Native extension for OSXStandalone target not found
Native extension for WebGL target not found
Refreshing native plugins compatible for Editor in 0.99 ms, found 1 plugins.
Preloading 0 native plugins for Editor in 0.00 ms.
Mono: successfully reloaded assembly
- Completed reload, in  1.149 seconds
Platform modules already initialized, skipping
Shader 'Universal Render Pipeline/Particles/Lit': fallback shader 'Universal Render Pipeline/Particles/SimpleLit' not found
Refreshing native plugins compatible for Editor in 0.78 ms, found 1 plugins.
Preloading 0 native plugins for Editor in 0.00 ms.
Unloading 4722 Unused Serialized files (Serialized files now loaded: 0)
System memory in use before: 176.7 MB.
System memory in use after: 176.9 MB.

Unloading 11 unused Assets to reduce memory usage. Loaded Objects now: 5289.
Total: 2.996300 ms (FindLiveObjects: 0.424500 ms CreateObjectMapping: 0.377500 ms MarkObjects: 2.171000 ms  DeleteObjects: 0.022300 ms)

========================================================================
Received Import Request.
  Time since last request: 4869.984173 seconds.
  path: Assets/Scripts/BatteryObject.cs
  artifactKey: Guid(dc5fc300ee4f02c4d83117261bf8c132) Importer(815301076,1909f56bfc062723c751e8b465ee728b)
Start importing Assets/Scripts/BatteryObject.cs using Guid(dc5fc300ee4f02c4d83117261bf8c132) Importer(815301076,1909f56bfc062723c751e8b465ee728b)  -> (artifact id: 'afd1cfef910ea949f9660779e7904e47') in 0.042743 seconds 
========================================================================
Received Import Request.
  Time since last request: 11.053123 seconds.
  path: Assets/Scripts/FinishObject.cs
  artifactKey: Guid(f4021e375fbc4bd448b519ef84739ac2) Importer(815301076,1909f56bfc062723c751e8b465ee728b)
Start importing Assets/Scripts/FinishObject.cs using Guid(f4021e375fbc4bd448b519ef84739ac2) Importer(815301076,1909f56bfc062723c751e8b465ee728b)  -> (artifact id: 'a0c69fe4456baa147b798e858cdf2fa9') in 0.007675 seconds 
========================================================================
Received Import Request.
  Time since last request: 3.039068 seconds.
  path: Assets/Scripts/FriendlyObject.cs
  artifactKey: Guid(a0aa9d4fcb8fcef4c80b14e46a23c5eb) Importer(815301076,1909f56bfc062723c751e8b465ee728b)
Start importing Assets/Scripts/FriendlyObject.cs using Guid(a0aa9d4fcb8fcef4c80b14e46a23c5eb) Importer(815301076,1909f56bfc062723c751e8b465ee728b)  -> (artifact id: 'e6f506171f1936895b668b1094c8833a') in 0.007683 seconds 
========================================================================
Received Import Request.
  Time since last request: 3.666395 seconds.
  path: Assets/Scripts/MenuControl.cs
  artifactKey: Guid(c92a2aaab006cdb40906cff7b5350079) Importer(815301076,1909f56bfc062723c751e8b465ee728b)
Start importing Assets/Scripts/MenuControl.cs using Guid(c92a2aaab006cdb40906cff7b5350079) Importer(815301076,1909f56bfc062723c751e8b465ee728b)  -> (artifact id: '0e13abe872be2538f60a229cc85949f8') in 0.011726 seconds 
========================================================================
Received Import Request.
  Time since last request: 6.014426 seconds.
  path: Assets/Scripts/MenuGameOver.cs
  artifactKey: Guid(7b13cd8feda1f9d4d932ab909dc68522) Importer(815301076,1909f56bfc062723c751e8b465ee728b)
Start importing Assets/Scripts/MenuGameOver.cs using Guid(7b13cd8feda1f9d4d932ab909dc68522) Importer(815301076,1909f56bfc062723c751e8b465ee728b)  -> (artifact id: 'df93994a2ef932fbc886ce7ec635bbaa') in 0.007415 seconds 
========================================================================
Received Import Request.
  Time since last request: 5.819483 seconds.
  path: Assets/Scripts/MoveObject.cs
  artifactKey: Guid(d6871551518b01646a5bc23206bb33a6) Importer(815301076,1909f56bfc062723c751e8b465ee728b)
Start importing Assets/Scripts/MoveObject.cs using Guid(d6871551518b01646a5bc23206bb33a6) Importer(815301076,1909f56bfc062723c751e8b465ee728b)  -> (artifact id: '2323f31a3d87b29d6c7267d0c21c6551') in 0.005032 seconds 
========================================================================
Received Import Request.
  Time since last request: 3.824837 seconds.
  path: Assets/Scripts/Rocket.cs
  artifactKey: Guid(a66ec8ca941d3d142a219544e36f06bc) Importer(815301076,1909f56bfc062723c751e8b465ee728b)
Start importing Assets/Scripts/Rocket.cs using Guid(a66ec8ca941d3d142a219544e36f06bc) Importer(815301076,1909f56bfc062723c751e8b465ee728b)  -> (artifact id: '79698092764bc4bbeecd3d0447fa5321') in 0.015415 seconds 
========================================================================
Received Import Request.
  Time since last request: 175.067725 seconds.
  path: Assets/AIMGUI/Scripts/AIMGUI
  artifactKey: Guid(692669252e0d59a459744cd39b5e78cc) Importer(815301076,1909f56bfc062723c751e8b465ee728b)
Start importing Assets/AIMGUI/Scripts/AIMGUI using Guid(692669252e0d59a459744cd39b5e78cc) Importer(815301076,1909f56bfc062723c751e8b465ee728b)  -> (artifact id: '674c66b3e65eefd3f2ddc91ceeb25d66') in 0.005854 seconds 
========================================================================
Received Import Request.
  Time since last request: 0.906405 seconds.
  path: Assets/AIMGUI/Scripts/AIMGUI/AIMGUIContainer.cs
  artifactKey: Guid(fadfd094b03ed464c9f2025abbd9622b) Importer(815301076,1909f56bfc062723c751e8b465ee728b)
Start importing Assets/AIMGUI/Scripts/AIMGUI/AIMGUIContainer.cs using Guid(fadfd094b03ed464c9f2025abbd9622b) Importer(815301076,1909f56bfc062723c751e8b465ee728b)  -> (artifact id: 'a9fa1da21ef524610b9049b9677cf2a4') in 0.005284 seconds 
========================================================================
Received Import Request.
  Time since last request: 7.019436 seconds.
  path: Assets/AIMGUI/Scripts/AIMGUI/AIMGUIManager.cs
  artifactKey: Guid(c9f2411b305a61b4789b0f95389356d8) Importer(815301076,1909f56bfc062723c751e8b465ee728b)
Start importing Assets/AIMGUI/Scripts/AIMGUI/AIMGUIManager.cs using Guid(c9f2411b305a61b4789b0f95389356d8) Importer(815301076,1909f56bfc062723c751e8b465ee728b)  -> (artifact id: 'b19c2c5d9f39a2137693312ee3547c15') in 0.005144 seconds 
========================================================================
Received Import Request.
  Time since last request: 32.406615 seconds.
  path: Assets/AIMGUI/Scripts/AIMGUI/AIMGUIManager.cs
  artifactKey: Guid(c9f2411b305a61b4789b0f95389356d8) Importer(815301076,1909f56bfc062723c751e8b465ee728b)
Start importing Assets/AIMGUI/Scripts/AIMGUI/AIMGUIManager.cs using Guid(c9f2411b305a61b4789b0f95389356d8) Importer(815301076,1909f56bfc062723c751e8b465ee728b)  -> (artifact id: 'c1088cd26403fbd3e3f2e83c5afe858f') in 0.002277 seconds 
========================================================================
Received Import Request.
  Time since last request: 15.431617 seconds.
  path: Assets/AIMGUI/Demo Scene/Flying Cube.mat
  artifactKey: Guid(a87b1b9af9085434b807f6df8012dca8) Importer(815301076,1909f56bfc062723c751e8b465ee728b)
Start importing Assets/AIMGUI/Demo Scene/Flying Cube.mat using Guid(a87b1b9af9085434b807f6df8012dca8) Importer(815301076,1909f56bfc062723c751e8b465ee728b)  -> (artifact id: 'd429f1edcdf103c55c3e1da068a5b0c1') in 0.182741 seconds 
========================================================================
Received Import Request.
  Time since last request: 0.000262 seconds.
  path: Assets/AIMGUI/Demo Scene/Patrolling Cube.mat
  artifactKey: Guid(fbb1f1c2ed4396b4d96a0e9d8bba809e) Importer(815301076,1909f56bfc062723c751e8b465ee728b)
Start importing Assets/AIMGUI/Demo Scene/Patrolling Cube.mat using Guid(fbb1f1c2ed4396b4d96a0e9d8bba809e) Importer(815301076,1909f56bfc062723c751e8b465ee728b)  -> (artifact id: '79c4b6aff09ab4459c6343c9c14d413d') in 0.010268 seconds 
========================================================================
Received Import Request.
  Time since last request: 10.004524 seconds.
  path: Assets/AIMGUI/Demo Scene
  artifactKey: Guid(97ca2f9033ccc6649bbc272fccf98e6c) Importer(815301076,1909f56bfc062723c751e8b465ee728b)
Start importing Assets/AIMGUI/Demo Scene using Guid(97ca2f9033ccc6649bbc272fccf98e6c) Importer(815301076,1909f56bfc062723c751e8b465ee728b)  -> (artifact id: '1ea5eaf151edd6a3a1862671421360f6') in 0.006468 seconds 
========================================================================
Received Import Request.
  Time since last request: 34.528429 seconds.
  path: Assets/AIMGUI/Scripts
  artifactKey: Guid(1a9d6f61fe23d9046a19a8ddd2671eaf) Importer(815301076,1909f56bfc062723c751e8b465ee728b)
Start importing Assets/AIMGUI/Scripts using Guid(1a9d6f61fe23d9046a19a8ddd2671eaf) Importer(815301076,1909f56bfc062723c751e8b465ee728b)  -> (artifact id: 'd6a36dba96454563aed60f16d7889ca8') in 0.005393 seconds 
========================================================================
Received Prepare
Registering precompiled user dll's ...
Registered in 0.002684 seconds.
Begin MonoManager ReloadAssembly
Native extension for LinuxStandalone target not found
Native extension for WindowsStandalone target not found
Native extension for OSXStandalone target not found
Native extension for WebGL target not found
Refreshing native plugins compatible for Editor in 0.78 ms, found 1 plugins.
Preloading 0 native plugins for Editor in 0.00 ms.
Mono: successfully reloaded assembly
- Completed reload, in  1.051 seconds
Platform modules already initialized, skipping
Shader 'Universal Render Pipeline/Particles/Lit': fallback shader 'Universal Render Pipeline/Particles/SimpleLit' not found
Refreshing native plugins compatible for Editor in 0.88 ms, found 1 plugins.
Preloading 0 native plugins for Editor in 0.00 ms.
Unloading 4722 Unused Serialized files (Serialized files now loaded: 0)
System memory in use before: 181.0 MB.
System memory in use after: 181.3 MB.

Unloading 11 unused Assets to reduce memory usage. Loaded Objects now: 5332.
Total: 2.653900 ms (FindLiveObjects: 0.332000 ms CreateObjectMapping: 0.203500 ms MarkObjects: 2.102800 ms  DeleteObjects: 0.015000 ms)

========================================================================
Received Import Request.
  Time since last request: 24.805872 seconds.
  path: Assets/AIMGUI/Scripts/AIMGUI/AIMGUIManager.cs
  artifactKey: Guid(c9f2411b305a61b4789b0f95389356d8) Importer(815301076,1909f56bfc062723c751e8b465ee728b)
Start importing Assets/AIMGUI/Scripts/AIMGUI/AIMGUIManager.cs using Guid(c9f2411b305a61b4789b0f95389356d8) Importer(815301076,1909f56bfc062723c751e8b465ee728b)  -> (artifact id: '65ae5d6b6d59e5b6cd35eef0eda274b3') in 0.005567 seconds 
========================================================================
Received Import Request.
  Time since last request: 24.766939 seconds.
  path: Assets/EffectExamples/TutorialInfo/Scripts
  artifactKey: Guid(904868cbf0db2bf409a5fe71a78382a3) Importer(815301076,1909f56bfc062723c751e8b465ee728b)
Start importing Assets/EffectExamples/TutorialInfo/Scripts using Guid(904868cbf0db2bf409a5fe71a78382a3) Importer(815301076,1909f56bfc062723c751e8b465ee728b)  -> (artifact id: '747e92aa6582a51e9e27cbb38c895391') in 0.001862 seconds 
========================================================================
Received Import Request.
  Time since last request: 1.945431 seconds.
  path: Assets/EffectExamples/TutorialInfo/Scripts/Editor
  artifactKey: Guid(3dbed23d005c97e4c8d5f1a63fb56834) Importer(815301076,1909f56bfc062723c751e8b465ee728b)
Start importing Assets/EffectExamples/TutorialInfo/Scripts/Editor using Guid(3dbed23d005c97e4c8d5f1a63fb56834) Importer(815301076,1909f56bfc062723c751e8b465ee728b)  -> (artifact id: '8630f16fdb54763251654ba4ced2c168') in 0.005672 seconds 
========================================================================
Received Import Request.
  Time since last request: 1.181106 seconds.
  path: Assets/EffectExamples/TutorialInfo/Scripts/Editor/ReadmeEditor.cs
  artifactKey: Guid(476cc7d7cd9874016adc216baab94a0a) Importer(815301076,1909f56bfc062723c751e8b465ee728b)
Start importing Assets/EffectExamples/TutorialInfo/Scripts/Editor/ReadmeEditor.cs using Guid(476cc7d7cd9874016adc216baab94a0a) Importer(815301076,1909f56bfc062723c751e8b465ee728b)  -> (artifact id: '28a1c48df5455ec8f9a4e64c6766f86c') in 0.004654 seconds 
========================================================================
Received Import Request.
  Time since last request: 29.807205 seconds.
  path: Assets/KY_effects/Script/Lighting.cs
  artifactKey: Guid(7bf07bd4d8e774eb48e7273353252009) Importer(815301076,1909f56bfc062723c751e8b465ee728b)
Start importing Assets/KY_effects/Script/Lighting.cs using Guid(7bf07bd4d8e774eb48e7273353252009) Importer(815301076,1909f56bfc062723c751e8b465ee728b)  -> (artifact id: '8cc98f725484c39acae0ba149e60cf3b') in 0.007024 seconds 
========================================================================
Received Import Request.
  Time since last request: 5.788426 seconds.
  path: Assets/KY_effects/Script/ConGUI.cs
  artifactKey: Guid(45efdc1c9195a4fb7946979f92dde1d4) Importer(815301076,1909f56bfc062723c751e8b465ee728b)
Start importing Assets/KY_effects/Script/ConGUI.cs using Guid(45efdc1c9195a4fb7946979f92dde1d4) Importer(815301076,1909f56bfc062723c751e8b465ee728b)  -> (artifact id: '2125f1e6b4870d66a933cffeaf30afa0') in 0.005371 seconds 
========================================================================
Received Import Request.
  Time since last request: 312.352364 seconds.
  path: Assets/Materials/BackGround 1.mat
  artifactKey: Guid(c0e66ddb6cdf1d24d8505d8ac3d7fbf7) Importer(815301076,1909f56bfc062723c751e8b465ee728b)
Start importing Assets/Materials/BackGround 1.mat using Guid(c0e66ddb6cdf1d24d8505d8ac3d7fbf7) Importer(815301076,1909f56bfc062723c751e8b465ee728b)  -> (artifact id: '7fc0abcc7fa2aec1670fc0f3efa94a18') in 0.075961 seconds 
========================================================================
Received Import Request.
  Time since last request: 0.000273 seconds.
  path: Assets/Materials/Block.mat
  artifactKey: Guid(fc69aab0d5b445344b69daa82fb96cb8) Importer(815301076,1909f56bfc062723c751e8b465ee728b)
Start importing Assets/Materials/Block.mat using Guid(fc69aab0d5b445344b69daa82fb96cb8) Importer(815301076,1909f56bfc062723c751e8b465ee728b)  -> (artifact id: 'd7181037d8562056da4b2ed92d747b90') in 0.008459 seconds 
========================================================================
Received Import Request.
  Time since last request: 0.000275 seconds.
  path: Assets/Materials/Block 11.mat
  artifactKey: Guid(14feb88d0d07910469538250d7b4d6d4) Importer(815301076,1909f56bfc062723c751e8b465ee728b)
Start importing Assets/Materials/Block 11.mat using Guid(14feb88d0d07910469538250d7b4d6d4) Importer(815301076,1909f56bfc062723c751e8b465ee728b)  -> (artifact id: '9fb49b4916b415acc6af88590be624f5') in 0.010453 seconds 
========================================================================
Received Import Request.
  Time since last request: 0.000279 seconds.
  path: Assets/Materials/Block 2.mat
  artifactKey: Guid(5462754ba25ca2a45bae4e05960e1837) Importer(815301076,1909f56bfc062723c751e8b465ee728b)
Start importing Assets/Materials/Block 2.mat using Guid(5462754ba25ca2a45bae4e05960e1837) Importer(815301076,1909f56bfc062723c751e8b465ee728b)  -> (artifact id: '85d7cc5c973c052dab7ff79fe04d5384') in 0.010811 seconds 
========================================================================
Received Import Request.
  Time since last request: 0.000317 seconds.
  path: Assets/Materials/Block 8.mat
  artifactKey: Guid(10149a7ffd02b4842b11ea491da9d3ae) Importer(815301076,1909f56bfc062723c751e8b465ee728b)
Start importing Assets/Materials/Block 8.mat using Guid(10149a7ffd02b4842b11ea491da9d3ae) Importer(815301076,1909f56bfc062723c751e8b465ee728b)  -> (artifact id: '899d09d58f6c112bade36ee49dfe89b5') in 0.010748 seconds 
========================================================================
Received Import Request.
  Time since last request: 0.000245 seconds.
  path: Assets/Materials/Белый.mat
  artifactKey: Guid(e22943285f55c8b42a337213c39ab7ad) Importer(815301076,1909f56bfc062723c751e8b465ee728b)
Start importing Assets/Materials/Белый.mat using Guid(e22943285f55c8b42a337213c39ab7ad) Importer(815301076,1909f56bfc062723c751e8b465ee728b)  -> (artifact id: '490e49c7c8e66ac3e40b7ee048a1de3e') in 0.009430 seconds 
========================================================================
Received Import Request.
  Time since last request: 0.000219 seconds.
  path: Assets/Materials/Block 3.mat
  artifactKey: Guid(a6145ab417f462541b5ae207e42b2068) Importer(815301076,1909f56bfc062723c751e8b465ee728b)
Start importing Assets/Materials/Block 3.mat using Guid(a6145ab417f462541b5ae207e42b2068) Importer(815301076,1909f56bfc062723c751e8b465ee728b)  -> (artifact id: '7051f31bb84c885f07f2674962752cc2') in 0.010226 seconds 
========================================================================
Received Import Request.
  Time since last request: 0.000242 seconds.
  path: Assets/Materials/BackGround.mat
  artifactKey: Guid(25e060ffc8f1ac741a161b89928bc69f) Importer(815301076,1909f56bfc062723c751e8b465ee728b)
Start importing Assets/Materials/BackGround.mat using Guid(25e060ffc8f1ac741a161b89928bc69f) Importer(815301076,1909f56bfc062723c751e8b465ee728b)  -> (artifact id: '87eaf227109878e66b8d760a7f9635e6') in 0.010782 seconds 
========================================================================
Received Import Request.
  Time since last request: 0.000287 seconds.
  path: Assets/Materials/Block 5.mat
  artifactKey: Guid(e9cf8e34b2063714cb97b7d75a6c3efa) Importer(815301076,1909f56bfc062723c751e8b465ee728b)
Start importing Assets/Materials/Block 5.mat using Guid(e9cf8e34b2063714cb97b7d75a6c3efa) Importer(815301076,1909f56bfc062723c751e8b465ee728b)  -> (artifact id: '0eb81e27ed741b83e2d54e737f04dd3e') in 0.009983 seconds 
========================================================================
Received Import Request.
  Time since last request: 0.000293 seconds.
  path: Assets/Materials/RocketRed.mat
  artifactKey: Guid(74d79cf8759bce44482a85932cd2e7ef) Importer(815301076,1909f56bfc062723c751e8b465ee728b)
Start importing Assets/Materials/RocketRed.mat using Guid(74d79cf8759bce44482a85932cd2e7ef) Importer(815301076,1909f56bfc062723c751e8b465ee728b)  -> (artifact id: '2d8587a544208c52e5526d237eba56ec') in 0.010634 seconds 
========================================================================
Received Import Request.
  Time since last request: 0.000227 seconds.
  path: Assets/Materials/RocketMetal.mat
  artifactKey: Guid(3f7855527d7375a419920f836257376a) Importer(815301076,1909f56bfc062723c751e8b465ee728b)
Start importing Assets/Materials/RocketMetal.mat using Guid(3f7855527d7375a419920f836257376a) Importer(815301076,1909f56bfc062723c751e8b465ee728b)  -> (artifact id: '007f259efc38cd01d00da0384f6c1737') in 0.010426 seconds 
========================================================================
Received Import Request.
  Time since last request: 0.000400 seconds.
  path: Assets/Materials/Green.mat
  artifactKey: Guid(9a01144bd2f4d8a4288922be672b5eec) Importer(815301076,1909f56bfc062723c751e8b465ee728b)
Start importing Assets/Materials/Green.mat using Guid(9a01144bd2f4d8a4288922be672b5eec) Importer(815301076,1909f56bfc062723c751e8b465ee728b)  -> (artifact id: '6c09523ab1feb3660db388919e33ffc3') in 0.009856 seconds 
========================================================================
Received Import Request.
  Time since last request: 0.000289 seconds.
  path: Assets/Materials/Blue.mat
  artifactKey: Guid(dace1685541713243b97614a50125e81) Importer(815301076,1909f56bfc062723c751e8b465ee728b)
Start importing Assets/Materials/Blue.mat using Guid(dace1685541713243b97614a50125e81) Importer(815301076,1909f56bfc062723c751e8b465ee728b)  -> (artifact id: 'db67b9cee1c91a7fc06aea5d42648a34') in 0.010751 seconds 
========================================================================
Received Import Request.
  Time since last request: 0.000217 seconds.
  path: Assets/Materials/Block 4.mat
  artifactKey: Guid(4db516a6ff2e3a041b318e32ecb51863) Importer(815301076,1909f56bfc062723c751e8b465ee728b)
Start importing Assets/Materials/Block 4.mat using Guid(4db516a6ff2e3a041b318e32ecb51863) Importer(815301076,1909f56bfc062723c751e8b465ee728b)  -> (artifact id: 'a70e24e8ad01599817612fdce76c64e6') in 0.010566 seconds 
========================================================================
Received Import Request.
  Time since last request: 0.000280 seconds.
  path: Assets/Materials/Cold Night by AllSkyFree.mat
  artifactKey: Guid(71e1b44e9c7459940875167dc308d849) Importer(815301076,1909f56bfc062723c751e8b465ee728b)
Start importing Assets/Materials/Cold Night by AllSkyFree.mat using Guid(71e1b44e9c7459940875167dc308d849) Importer(815301076,1909f56bfc062723c751e8b465ee728b)  -> (artifact id: 'c545f6a7cda76e4ebf53569175816021') in 0.037204 seconds 
========================================================================
Received Import Request.
  Time since last request: 0.000291 seconds.
  path: Assets/Materials/Ground 2.mat
  artifactKey: Guid(adb5633913e97f94ab0d3ed92667a709) Importer(815301076,1909f56bfc062723c751e8b465ee728b)
Start importing Assets/Materials/Ground 2.mat using Guid(adb5633913e97f94ab0d3ed92667a709) Importer(815301076,1909f56bfc062723c751e8b465ee728b)  -> (artifact id: 'c0dc2046c9c9c61f19cb888b12ca329b') in 0.010578 seconds 
========================================================================
Received Import Request.
  Time since last request: 0.000245 seconds.
  path: Assets/Materials/Blue 1.mat
  artifactKey: Guid(f3aed3696d838074ebc1725b5fe734ea) Importer(815301076,1909f56bfc062723c751e8b465ee728b)
Start importing Assets/Materials/Blue 1.mat using Guid(f3aed3696d838074ebc1725b5fe734ea) Importer(815301076,1909f56bfc062723c751e8b465ee728b)  -> (artifact id: '7c98061be59ded991ae4b672e86f402a') in 0.011681 seconds 
========================================================================
Received Import Request.
  Time since last request: 0.000287 seconds.
  path: Assets/Materials/Block 6.mat
  artifactKey: Guid(623e0debca9ada5459666e6b89769b1d) Importer(815301076,1909f56bfc062723c751e8b465ee728b)
Start importing Assets/Materials/Block 6.mat using Guid(623e0debca9ada5459666e6b89769b1d) Importer(815301076,1909f56bfc062723c751e8b465ee728b)  -> (artifact id: 'ad579c2918cb05463a901ce0ad1c78bc') in 0.011093 seconds 
========================================================================
Received Import Request.
  Time since last request: 0.000176 seconds.
  path: Assets/Materials/Block 1.mat
  artifactKey: Guid(c2ba7c35bcebd87489e70c6781b04881) Importer(815301076,1909f56bfc062723c751e8b465ee728b)
Start importing Assets/Materials/Block 1.mat using Guid(c2ba7c35bcebd87489e70c6781b04881) Importer(815301076,1909f56bfc062723c751e8b465ee728b)  -> (artifact id: 'b6343625c2f113eefa14c5ed6c23cfd0') in 0.011608 seconds 
========================================================================
Received Import Request.
  Time since last request: 0.000208 seconds.
  path: Assets/Materials/Block 9.mat
  artifactKey: Guid(d3c3513f7d596494295b4d29e83e106f) Importer(815301076,1909f56bfc062723c751e8b465ee728b)
Start importing Assets/Materials/Block 9.mat using Guid(d3c3513f7d596494295b4d29e83e106f) Importer(815301076,1909f56bfc062723c751e8b465ee728b)  -> (artifact id: '69c6715bd2dfc5648f9d7af5fbd892dd') in 0.010684 seconds 
========================================================================
Received Import Request.
  Time since last request: 0.000284 seconds.
  path: Assets/Materials/Block 10.mat
  artifactKey: Guid(a61b00a1c2c0b5b42ac5ff64c9828887) Importer(815301076,1909f56bfc062723c751e8b465ee728b)
Start importing Assets/Materials/Block 10.mat using Guid(a61b00a1c2c0b5b42ac5ff64c9828887) Importer(815301076,1909f56bfc062723c751e8b465ee728b)  -> (artifact id: 'ded7d5faed3b1964f1a955fffda9ee7f') in 0.009785 seconds 
========================================================================
Received Import Request.
  Time since last request: 0.000275 seconds.
  path: Assets/Materials/Ground 1.mat
  artifactKey: Guid(12451255783969247a5624c2316b90e5) Importer(815301076,1909f56bfc062723c751e8b465ee728b)
Start importing Assets/Materials/Ground 1.mat using Guid(12451255783969247a5624c2316b90e5) Importer(815301076,1909f56bfc062723c751e8b465ee728b)  -> (artifact id: 'd453cf5f9b6c08701a10516f75daec21') in 0.010906 seconds 
========================================================================
Received Import Request.
  Time since last request: 0.000284 seconds.
  path: Assets/Materials/RocketPort.mat
  artifactKey: Guid(78c0f936cd399be418afe8ea89531ed3) Importer(815301076,1909f56bfc062723c751e8b465ee728b)
Start importing Assets/Materials/RocketPort.mat using Guid(78c0f936cd399be418afe8ea89531ed3) Importer(815301076,1909f56bfc062723c751e8b465ee728b)  -> (artifact id: '3156fba7fb812b794a3c055be260d3cc') in 0.012566 seconds 
========================================================================
Received Import Request.
  Time since last request: 0.000228 seconds.
  path: Assets/Materials/Battery.mat
  artifactKey: Guid(2b66dc6715ab14f48a5f478171a6ad94) Importer(815301076,1909f56bfc062723c751e8b465ee728b)
Start importing Assets/Materials/Battery.mat using Guid(2b66dc6715ab14f48a5f478171a6ad94) Importer(815301076,1909f56bfc062723c751e8b465ee728b)  -> (artifact id: '484935d2054ac336d39e42e158f45562') in 0.011406 seconds 
========================================================================
Received Import Request.
  Time since last request: 0.000284 seconds.
  path: Assets/Materials/Ground.mat
  artifactKey: Guid(09bf5058adf97d8499e8cece9f3e9f85) Importer(815301076,1909f56bfc062723c751e8b465ee728b)
Start importing Assets/Materials/Ground.mat using Guid(09bf5058adf97d8499e8cece9f3e9f85) Importer(815301076,1909f56bfc062723c751e8b465ee728b)  -> (artifact id: 'b013a3490ea0230d517a3d127659a82e') in 0.010876 seconds 
========================================================================
Received Import Request.
  Time since last request: 0.000235 seconds.
  path: Assets/Materials/Block 12.mat
  artifactKey: Guid(0ccba255425bc3946805f6fbb48d5266) Importer(815301076,1909f56bfc062723c751e8b465ee728b)
Start importing Assets/Materials/Block 12.mat using Guid(0ccba255425bc3946805f6fbb48d5266) Importer(815301076,1909f56bfc062723c751e8b465ee728b)  -> (artifact id: '1425c52547c7ad3e606c50ee20a2f298') in 0.009607 seconds 
========================================================================
Received Import Request.
  Time since last request: 0.000252 seconds.
  path: Assets/Materials/Block 7.mat
  artifactKey: Guid(1e717f521ea17df45b9bb3f5451a916e) Importer(815301076,1909f56bfc062723c751e8b465ee728b)
Start importing Assets/Materials/Block 7.mat using Guid(1e717f521ea17df45b9bb3f5451a916e) Importer(815301076,1909f56bfc062723c751e8b465ee728b)  -> (artifact id: '778a94a1cb7d60fd73d84850343aba5e') in 0.009661 seconds 
========================================================================
Received Import Request.
  Time since last request: 1.857333 seconds.
  path: Assets/Particles/BigExplosionEffect.prefab
  artifactKey: Guid(acf39d9f4addf294d93fa56fa373961b) Importer(815301076,1909f56bfc062723c751e8b465ee728b)
Start importing Assets/Particles/BigExplosionEffect.prefab using Guid(acf39d9f4addf294d93fa56fa373961b) Importer(815301076,1909f56bfc062723c751e8b465ee728b)  -> (artifact id: '87887e95955a90a82830149a4746d395') in 0.015338 seconds 
========================================================================
Received Import Request.
  Time since last request: 0.000258 seconds.
  path: Assets/Particles/SmallExplosionEffect.prefab
  artifactKey: Guid(8095d86d43a4ed54d9893ef9e7bae9f4) Importer(815301076,1909f56bfc062723c751e8b465ee728b)
Start importing Assets/Particles/SmallExplosionEffect.prefab using Guid(8095d86d43a4ed54d9893ef9e7bae9f4) Importer(815301076,1909f56bfc062723c751e8b465ee728b)  -> (artifact id: 'ebe7699171a4ebde0a2f7e8c576ea5a5') in 0.007201 seconds 
========================================================================
Received Import Request.
  Time since last request: 0.000258 seconds.
  path: Assets/Particles/SmokeEffect.prefab
  artifactKey: Guid(85a8865d1bf4a63478038fae23776de8) Importer(815301076,1909f56bfc062723c751e8b465ee728b)
Start importing Assets/Particles/SmokeEffect.prefab using Guid(85a8865d1bf4a63478038fae23776de8) Importer(815301076,1909f56bfc062723c751e8b465ee728b)  -> (artifact id: '62e0f9a53ec91415a8fd325d40f79767') in 0.008261 seconds 
========================================================================
Received Import Request.
  Time since last request: 0.000348 seconds.
  path: Assets/Particles/Fire.prefab
  artifactKey: Guid(09818fe3b272e1d4fb52487e959b3fd3) Importer(815301076,1909f56bfc062723c751e8b465ee728b)
Start importing Assets/Particles/Fire.prefab using Guid(09818fe3b272e1d4fb52487e959b3fd3) Importer(815301076,1909f56bfc062723c751e8b465ee728b)  -> (artifact id: '754f8684f6b1e0787d0c165a25a15591') in 0.007621 seconds 
========================================================================
Received Import Request.
  Time since last request: 0.000262 seconds.
  path: Assets/Particles/FlamesParticleEffect.prefab
  artifactKey: Guid(7cf72c2ae235b674b94314625f45529c) Importer(815301076,1909f56bfc062723c751e8b465ee728b)
Start importing Assets/Particles/FlamesParticleEffect.prefab using Guid(7cf72c2ae235b674b94314625f45529c) Importer(815301076,1909f56bfc062723c751e8b465ee728b)  -> (artifact id: '6e00d903683be7cbea49364472fea68f') in 0.007729 seconds 
========================================================================
Received Import Request.
  Time since last request: 0.000297 seconds.
  path: Assets/Particles/Rocket Jet Particles.prefab
  artifactKey: Guid(a3553fd250eb92d4091bebde350c6739) Importer(815301076,1909f56bfc062723c751e8b465ee728b)
Start importing Assets/Particles/Rocket Jet Particles.prefab using Guid(a3553fd250eb92d4091bebde350c6739) Importer(815301076,1909f56bfc062723c751e8b465ee728b)  -> (artifact id: 'e3b7cbce6c8bf9ceab1a7216f4a80054') in 0.019001 seconds 
========================================================================
Received Import Request.
  Time since last request: 0.000289 seconds.
  path: Assets/Particles/Success Particles.prefab
  artifactKey: Guid(62198a3a5dbb64a4f9e1618929224faa) Importer(815301076,1909f56bfc062723c751e8b465ee728b)
Start importing Assets/Particles/Success Particles.prefab using Guid(62198a3a5dbb64a4f9e1618929224faa) Importer(815301076,1909f56bfc062723c751e8b465ee728b)  -> (artifact id: '5946377cb3dacb7079a7afb19c48012f') in 0.007536 seconds 
========================================================================
Received Import Request.
  Time since last request: 0.000256 seconds.
  path: Assets/Particles/RibbonSmoke.prefab
  artifactKey: Guid(4d35711ba17dcd4409264568d9155360) Importer(815301076,1909f56bfc062723c751e8b465ee728b)
Start importing Assets/Particles/RibbonSmoke.prefab using Guid(4d35711ba17dcd4409264568d9155360) Importer(815301076,1909f56bfc062723c751e8b465ee728b)  -> (artifact id: 'e04736bc5218a784d9145590eda421d5') in 0.008818 seconds 
========================================================================
Received Import Request.
  Time since last request: 0.000262 seconds.
  path: Assets/Particles/Explosion Particles.prefab
  artifactKey: Guid(ab79a37535b979f48b6de56e3a0a5cb0) Importer(815301076,1909f56bfc062723c751e8b465ee728b)
Start importing Assets/Particles/Explosion Particles.prefab using Guid(ab79a37535b979f48b6de56e3a0a5cb0) Importer(815301076,1909f56bfc062723c751e8b465ee728b)  -> (artifact id: '0c87217d1072baa308092b1f21962cee') in 0.008079 seconds 
========================================================================
Received Import Request.
  Time since last request: 2.584511 seconds.
  path: Assets/EffectExamples/FireExplosionEffects/Materials/SmokeDarkParticle.mat
  artifactKey: Guid(698a8134f4ebbbd4e848648685f68067) Importer(815301076,1909f56bfc062723c751e8b465ee728b)
Start importing Assets/EffectExamples/FireExplosionEffects/Materials/SmokeDarkParticle.mat using Guid(698a8134f4ebbbd4e848648685f68067) Importer(815301076,1909f56bfc062723c751e8b465ee728b)  -> (artifact id: '6e6b384f53f41a4067c6c446bc4ef326') in 0.176767 seconds 
========================================================================
Received Import Request.
  Time since last request: 9.881700 seconds.
  path: Assets/EffectExamples/Editor/PackageManagerAssembly
  artifactKey: Guid(d899c3023b28a9b4c9ea94e5ca4d892d) Importer(815301076,1909f56bfc062723c751e8b465ee728b)
Start importing Assets/EffectExamples/Editor/PackageManagerAssembly using Guid(d899c3023b28a9b4c9ea94e5ca4d892d) Importer(815301076,1909f56bfc062723c751e8b465ee728b)  -> (artifact id: '98be79cb3bbb2949566ba7983df58937') in 0.005762 seconds 
========================================================================
Received Import Request.
  Time since last request: 1.922202 seconds.
  path: Assets/EffectExamples/Editor/PackageManagerAssembly/PackageManagerAssembly.dll
  artifactKey: Guid(89358996bc7cbbc43b28e289a31f88a3) Importer(815301076,1909f56bfc062723c751e8b465ee728b)
Start importing Assets/EffectExamples/Editor/PackageManagerAssembly/PackageManagerAssembly.dll using Guid(89358996bc7cbbc43b28e289a31f88a3) Importer(815301076,1909f56bfc062723c751e8b465ee728b)  -> (artifact id: 'a6ac2bcd71d76b25c2945a9171e168b2') in 0.005332 seconds 
========================================================================
Received Import Request.
  Time since last request: 19.537490 seconds.
  path: Assets/EffectExamples/Editor/PackageManagerAssembly/PackageImportList.txt
  artifactKey: Guid(8cb9d00357e9a7d4ba95efba7231689a) Importer(815301076,1909f56bfc062723c751e8b465ee728b)
Start importing Assets/EffectExamples/Editor/PackageManagerAssembly/PackageImportList.txt using Guid(8cb9d00357e9a7d4ba95efba7231689a) Importer(815301076,1909f56bfc062723c751e8b465ee728b)  -> (artifact id: '0b2d462c39eb10d0d6dd8a77144d481d') in 0.011013 seconds 
========================================================================
Received Import Request.
  Time since last request: 111.484086 seconds.
  path: Assets/Prefabs/Battery.prefab
  artifactKey: Guid(526e4b79c389d994d984cf7ef2e773ef) Importer(815301076,1909f56bfc062723c751e8b465ee728b)
Start importing Assets/Prefabs/Battery.prefab using Guid(526e4b79c389d994d984cf7ef2e773ef) Importer(815301076,1909f56bfc062723c751e8b465ee728b)  -> (artifact id: '047f6ca4c92e38e48f2d981b4f302e66') in 0.021918 seconds 
========================================================================
Received Import Request.
  Time since last request: 0.000275 seconds.
  path: Assets/Prefabs/BigExplosion.prefab
  artifactKey: Guid(331b299a8b7138b49963fe239effe005) Importer(815301076,1909f56bfc062723c751e8b465ee728b)
Start importing Assets/Prefabs/BigExplosion.prefab using Guid(331b299a8b7138b49963fe239effe005) Importer(815301076,1909f56bfc062723c751e8b465ee728b)  -> (artifact id: 'f1af74ec0b44386b9a6b935bfe674ee3') in 0.007630 seconds 
========================================================================
Received Import Request.
  Time since last request: 0.000225 seconds.
  path: Assets/Prefabs/Sphere.prefab
  artifactKey: Guid(98f66c4a667ab4a4788d01418da663d1) Importer(815301076,1909f56bfc062723c751e8b465ee728b)
Start importing Assets/Prefabs/Sphere.prefab using Guid(98f66c4a667ab4a4788d01418da663d1) Importer(815301076,1909f56bfc062723c751e8b465ee728b)  -> (artifact id: '19638488f0043d5307081fbc709dd460') in 0.017303 seconds 
========================================================================
Received Import Request.
  Time since last request: 0.000300 seconds.
  path: Assets/Prefabs/Ground.prefab
  artifactKey: Guid(da835c2e9aaec7848a37784b63498174) Importer(815301076,1909f56bfc062723c751e8b465ee728b)
Start importing Assets/Prefabs/Ground.prefab using Guid(da835c2e9aaec7848a37784b63498174) Importer(815301076,1909f56bfc062723c751e8b465ee728b)  -> (artifact id: '1569c28a931471e6fcf3ad628119d5fa') in 0.010164 seconds 
========================================================================
Received Import Request.
  Time since last request: 0.000269 seconds.
  path: Assets/Prefabs/Main Camera.prefab
  artifactKey: Guid(3b497ce68840ed14dab124f3a27fb9bf) Importer(815301076,1909f56bfc062723c751e8b465ee728b)
Start importing Assets/Prefabs/Main Camera.prefab using Guid(3b497ce68840ed14dab124f3a27fb9bf) Importer(815301076,1909f56bfc062723c751e8b465ee728b)  -> (artifact id: 'a394781ee49807b052c21ccfd48f1553') in 0.007409 seconds 
========================================================================
Received Import Request.
  Time since last request: 0.000275 seconds.
  path: Assets/Prefabs/LaunchPad.prefab
  artifactKey: Guid(41de7f1ba73ba504ba6924965e71a71b) Importer(815301076,1909f56bfc062723c751e8b465ee728b)
Start importing Assets/Prefabs/LaunchPad.prefab using Guid(41de7f1ba73ba504ba6924965e71a71b) Importer(815301076,1909f56bfc062723c751e8b465ee728b)  -> (artifact id: '40c0403cfb4be5c46931d00b03b40ce0') in 0.013474 seconds 
========================================================================
Received Import Request.
  Time since last request: 0.000420 seconds.
  path: Assets/Prefabs/LandingPad.prefab
  artifactKey: Guid(afee7207e4bb04d48b26dbf8cbf19c42) Importer(815301076,1909f56bfc062723c751e8b465ee728b)
Start importing Assets/Prefabs/LandingPad.prefab using Guid(afee7207e4bb04d48b26dbf8cbf19c42) Importer(815301076,1909f56bfc062723c751e8b465ee728b)  -> (artifact id: '87ca72a512d90399282c270888ab799f') in 0.012354 seconds 
========================================================================
Received Import Request.
  Time since last request: 0.000256 seconds.
  path: Assets/Prefabs/FriendlyPad.prefab
  artifactKey: Guid(4669ed6528b7c4447860323bcf8777fb) Importer(815301076,1909f56bfc062723c751e8b465ee728b)
Start importing Assets/Prefabs/FriendlyPad.prefab using Guid(4669ed6528b7c4447860323bcf8777fb) Importer(815301076,1909f56bfc062723c751e8b465ee728b)  -> (artifact id: '6448fdeb1cdb70df3eda1dfaab48bf12') in 0.021694 seconds 
========================================================================
Received Import Request.
  Time since last request: 0.000261 seconds.
  path: Assets/Prefabs/Rocket.prefab
  artifactKey: Guid(7e87cd3c4c7fdb841a6726763298fc02) Importer(815301076,1909f56bfc062723c751e8b465ee728b)
Start importing Assets/Prefabs/Rocket.prefab using Guid(7e87cd3c4c7fdb841a6726763298fc02) Importer(815301076,1909f56bfc062723c751e8b465ee728b)  -> (artifact id: 'f75a1763a7a1688e7ea9ce7692f9a2cf') in 0.333803 seconds 
========================================================================
Received Import Request.
  Time since last request: 0.000268 seconds.
  path: Assets/Prefabs/Directional Light.prefab
  artifactKey: Guid(ff7004cda1c132c4f911c03a5fd9299a) Importer(815301076,1909f56bfc062723c751e8b465ee728b)
Start importing Assets/Prefabs/Directional Light.prefab using Guid(ff7004cda1c132c4f911c03a5fd9299a) Importer(815301076,1909f56bfc062723c751e8b465ee728b)  -> (artifact id: '77b245c2e115c522a12ee60db2ef86b1') in 0.006193 seconds 
========================================================================
Received Import Request.
  Time since last request: 0.000283 seconds.
  path: Assets/Prefabs/Rocket mod.prefab
  artifactKey: Guid(6f2f50d75409c674580bbc73258549bc) Importer(815301076,1909f56bfc062723c751e8b465ee728b)
Start importing Assets/Prefabs/Rocket mod.prefab using Guid(6f2f50d75409c674580bbc73258549bc) Importer(815301076,1909f56bfc062723c751e8b465ee728b)  -> (artifact id: '2acebd28355fe93198c0af3b572fd9c8') in 0.019397 seconds 
========================================================================
Received Import Request.
  Time since last request: 0.000258 seconds.
  path: Assets/Prefabs/RotatorPS2.prefab
  artifactKey: Guid(366db519ad64b0946b2675838986c326) Importer(815301076,1909f56bfc062723c751e8b465ee728b)
Start importing Assets/Prefabs/RotatorPS2.prefab using Guid(366db519ad64b0946b2675838986c326) Importer(815301076,1909f56bfc062723c751e8b465ee728b)  -> (artifact id: '3a8d2fc1d57722710725d2e67f95e90c') in 0.012402 seconds 
========================================================================
Received Import Request.
  Time since last request: 0.000236 seconds.
  path: Assets/Prefabs/PrefabTest.prefab
  artifactKey: Guid(a09483744abbe4540b23e8c78ed066a0) Importer(815301076,1909f56bfc062723c751e8b465ee728b)
Start importing Assets/Prefabs/PrefabTest.prefab using Guid(a09483744abbe4540b23e8c78ed066a0) Importer(815301076,1909f56bfc062723c751e8b465ee728b)  -> (artifact id: '1d7633ef8de0d04d281f6ba8a5eedfd4') in 0.011726 seconds 
========================================================================
Received Import Request.
  Time since last request: 0.000322 seconds.
  path: Assets/Prefabs/Block.prefab
  artifactKey: Guid(9e9e2dc685f63014b9a560a61bc31832) Importer(815301076,1909f56bfc062723c751e8b465ee728b)
Start importing Assets/Prefabs/Block.prefab using Guid(9e9e2dc685f63014b9a560a61bc31832) Importer(815301076,1909f56bfc062723c751e8b465ee728b)  -> (artifact id: '2f4fc0bd9ed4018a141666f87ecedf8c') in 0.011788 seconds 
========================================================================
Received Import Request.
  Time since last request: 2.273971 seconds.
  path: Assets/EffectExamples/Readme.asset
  artifactKey: Guid(83c2ed844a8c74b779a4c823d16594b1) Importer(815301076,1909f56bfc062723c751e8b465ee728b)
Start importing Assets/EffectExamples/Readme.asset using Guid(83c2ed844a8c74b779a4c823d16594b1) Importer(815301076,1909f56bfc062723c751e8b465ee728b)  -> (artifact id: '468e7179bb661ce24b6eb3174de739f0') in 0.007067 seconds 
========================================================================
Received Import Request.
  Time since last request: 0.000293 seconds.
  path: Assets/EffectExamples/SmokeTrail.mat
  artifactKey: Guid(85320f50710fcfb4d886bc56151bea1b) Importer(815301076,1909f56bfc062723c751e8b465ee728b)
Start importing Assets/EffectExamples/SmokeTrail.mat using Guid(85320f50710fcfb4d886bc56151bea1b) Importer(815301076,1909f56bfc062723c751e8b465ee728b)  -> (artifact id: 'bd4cee2062885be6416dfd088df5e9b0') in 0.041104 seconds 
========================================================================
Received Import Request.
  Time since last request: 3.355625 seconds.
  path: Assets/KY_effects/MagicEffectsPackFree
  artifactKey: Guid(06f63da6d8a3bcf4b92bee233e496c56) Importer(815301076,1909f56bfc062723c751e8b465ee728b)
Start importing Assets/KY_effects/MagicEffectsPackFree using Guid(06f63da6d8a3bcf4b92bee233e496c56) Importer(815301076,1909f56bfc062723c751e8b465ee728b)  -> (artifact id: '388226c482b3d04e379784101c0d525e') in 0.005684 seconds 
========================================================================
Received Import Request.
  Time since last request: 3.441995 seconds.
  path: Assets/KY_effects/MagicEffectsPackFree/Materials
  artifactKey: Guid(eaba6caccea8c5449a4bc4948f183c9f) Importer(815301076,1909f56bfc062723c751e8b465ee728b)
Start importing Assets/KY_effects/MagicEffectsPackFree/Materials using Guid(eaba6caccea8c5449a4bc4948f183c9f) Importer(815301076,1909f56bfc062723c751e8b465ee728b)  -> (artifact id: '198cc880844c189185050fe12abeb2c7') in 0.006292 seconds 
========================================================================
Received Import Request.
  Time since last request: 0.057915 seconds.
  path: Assets/KY_effects/MagicEffectsPackFree/Materials/00_4x4.mat
  artifactKey: Guid(aa8a401551a074d13ba3d556c63da165) Importer(815301076,1909f56bfc062723c751e8b465ee728b)
Start importing Assets/KY_effects/MagicEffectsPackFree/Materials/00_4x4.mat using Guid(aa8a401551a074d13ba3d556c63da165) Importer(815301076,1909f56bfc062723c751e8b465ee728b)  -> (artifact id: 'f2846f5ecee842a4da7d6dde940a0dbb') in 0.010749 seconds 
========================================================================
Received Import Request.
  Time since last request: 0.000279 seconds.
  path: Assets/KY_effects/MagicEffectsPackFree/Materials/Star.mat
  artifactKey: Guid(4b294e20f51814785818b6a20b456aa8) Importer(815301076,1909f56bfc062723c751e8b465ee728b)
Start importing Assets/KY_effects/MagicEffectsPackFree/Materials/Star.mat using Guid(4b294e20f51814785818b6a20b456aa8) Importer(815301076,1909f56bfc062723c751e8b465ee728b)  -> (artifact id: 'fc0a6bd79a145aacb365368342b6f46f') in 0.009676 seconds 
========================================================================
Received Import Request.
  Time since last request: 0.000244 seconds.
  path: Assets/KY_effects/MagicEffectsPackFree/Materials/hit_4x2.mat
  artifactKey: Guid(49918fe1d4c934624988703ebfde7972) Importer(815301076,1909f56bfc062723c751e8b465ee728b)
Start importing Assets/KY_effects/MagicEffectsPackFree/Materials/hit_4x2.mat using Guid(49918fe1d4c934624988703ebfde7972) Importer(815301076,1909f56bfc062723c751e8b465ee728b)  -> (artifact id: '70ba86bcf9c77738e7ca8da74e37fcb2') in 0.011109 seconds 
========================================================================
Received Import Request.
  Time since last request: 0.000240 seconds.
  path: Assets/KY_effects/MagicEffectsPackFree/Materials/Wall.mat
  artifactKey: Guid(82d1bd5c5417047a8a3e26d64ba9619f) Importer(815301076,1909f56bfc062723c751e8b465ee728b)
Start importing Assets/KY_effects/MagicEffectsPackFree/Materials/Wall.mat using Guid(82d1bd5c5417047a8a3e26d64ba9619f) Importer(815301076,1909f56bfc062723c751e8b465ee728b)  -> (artifact id: '54776606949a87043aab53226f3a095f') in 0.094358 seconds 
========================================================================
Received Import Request.
  Time since last request: 0.000272 seconds.
  path: Assets/KY_effects/MagicEffectsPackFree/Materials/skill_core_4x4.mat
  artifactKey: Guid(49b78e75b419b4505a03c98d84d7960c) Importer(815301076,1909f56bfc062723c751e8b465ee728b)
Start importing Assets/KY_effects/MagicEffectsPackFree/Materials/skill_core_4x4.mat using Guid(49b78e75b419b4505a03c98d84d7960c) Importer(815301076,1909f56bfc062723c751e8b465ee728b)  -> (artifact id: '93352baa7f9f93cb10e3a30bc989884f') in 0.009468 seconds 
========================================================================
Received Import Request.
  Time since last request: 0.000301 seconds.
  path: Assets/KY_effects/MagicEffectsPackFree/Materials/thander_core_4x4.mat
  artifactKey: Guid(2518d4d12d7544beda8f304cb25e56b7) Importer(815301076,1909f56bfc062723c751e8b465ee728b)
Start importing Assets/KY_effects/MagicEffectsPackFree/Materials/thander_core_4x4.mat using Guid(2518d4d12d7544beda8f304cb25e56b7) Importer(815301076,1909f56bfc062723c751e8b465ee728b)  -> (artifact id: '5a4222558a7ee967dfd5eea1f777f510') in 0.023067 seconds 
========================================================================
Received Import Request.
  Time since last request: 0.000243 seconds.
  path: Assets/KY_effects/MagicEffectsPackFree/Materials/whity_b_4x4.mat
  artifactKey: Guid(476e29df910ff4409b767608c7d8d569) Importer(815301076,1909f56bfc062723c751e8b465ee728b)
Start importing Assets/KY_effects/MagicEffectsPackFree/Materials/whity_b_4x4.mat using Guid(476e29df910ff4409b767608c7d8d569) Importer(815301076,1909f56bfc062723c751e8b465ee728b)  -> (artifact id: 'e8c278dae102ad93a60a93d917e119fd') in 0.012938 seconds 
========================================================================
Received Import Request.
  Time since last request: 0.000240 seconds.
  path: Assets/KY_effects/MagicEffectsPackFree/Materials/darkBall_4x4.mat
  artifactKey: Guid(581137eafd891470c824d69db3fb06d7) Importer(815301076,1909f56bfc062723c751e8b465ee728b)
Start importing Assets/KY_effects/MagicEffectsPackFree/Materials/darkBall_4x4.mat using Guid(581137eafd891470c824d69db3fb06d7) Importer(815301076,1909f56bfc062723c751e8b465ee728b)  -> (artifact id: 'bdb81063e3b97bb4e900421da48b6231') in 0.011087 seconds 
========================================================================
Received Import Request.
  Time since last request: 0.000339 seconds.
  path: Assets/KY_effects/MagicEffectsPackFree/Materials/project1_00000_8x2.mat
  artifactKey: Guid(24027fcc139ae41d7b0805dd11b76835) Importer(815301076,1909f56bfc062723c751e8b465ee728b)
Start importing Assets/KY_effects/MagicEffectsPackFree/Materials/project1_00000_8x2.mat using Guid(24027fcc139ae41d7b0805dd11b76835) Importer(815301076,1909f56bfc062723c751e8b465ee728b)  -> (artifact id: '5275cf9aa67b4c2f7bee541628e63010') in 0.012098 seconds 
========================================================================
Received Import Request.
  Time since last request: 0.000418 seconds.
  path: Assets/KY_effects/MagicEffectsPackFree/Materials/sphere.mat
  artifactKey: Guid(09f8e24d6060f4a7bb66e6b9cfeed608) Importer(815301076,1909f56bfc062723c751e8b465ee728b)
Start importing Assets/KY_effects/MagicEffectsPackFree/Materials/sphere.mat using Guid(09f8e24d6060f4a7bb66e6b9cfeed608) Importer(815301076,1909f56bfc062723c751e8b465ee728b)  -> (artifact id: '30dc11c21e12a9ef3e4334934193a68f') in 0.010003 seconds 
========================================================================
Received Import Request.
  Time since last request: 0.000294 seconds.
  path: Assets/KY_effects/MagicEffectsPackFree/Materials/project1_in00000_4x4.mat
  artifactKey: Guid(b2760e9836dec459a99bfa3d1881dcf9) Importer(815301076,1909f56bfc062723c751e8b465ee728b)
Start importing Assets/KY_effects/MagicEffectsPackFree/Materials/project1_in00000_4x4.mat using Guid(b2760e9836dec459a99bfa3d1881dcf9) Importer(815301076,1909f56bfc062723c751e8b465ee728b)  -> (artifact id: 'b16d1f1f23b2de6553af0b35580b3a97') in 0.011763 seconds 
========================================================================
Received Import Request.
  Time since last request: 0.000277 seconds.
  path: Assets/KY_effects/MagicEffectsPackFree/Materials/dust_b.mat
  artifactKey: Guid(f7e118f3fbe7e4156b2076337ab0caa6) Importer(815301076,1909f56bfc062723c751e8b465ee728b)
Start importing Assets/KY_effects/MagicEffectsPackFree/Materials/dust_b.mat using Guid(f7e118f3fbe7e4156b2076337ab0caa6) Importer(815301076,1909f56bfc062723c751e8b465ee728b)  -> (artifact id: '3951eeb7e803521bcc3c5835d2cde75f') in 0.010853 seconds 
========================================================================
Received Import Request.
  Time since last request: 0.000235 seconds.
  path: Assets/KY_effects/MagicEffectsPackFree/Materials/explosion_4x4.mat
  artifactKey: Guid(5828939ec5a714aa4abaa58bcaccc1e7) Importer(815301076,1909f56bfc062723c751e8b465ee728b)
Start importing Assets/KY_effects/MagicEffectsPackFree/Materials/explosion_4x4.mat using Guid(5828939ec5a714aa4abaa58bcaccc1e7) Importer(815301076,1909f56bfc062723c751e8b465ee728b)  -> (artifact id: '73779fda5d130e53acbcb97878329245') in 0.020709 seconds 
========================================================================
Received Import Request.
  Time since last request: 0.000327 seconds.
  path: Assets/KY_effects/MagicEffectsPackFree/Materials/project1_coreb00000_4x4.mat
  artifactKey: Guid(1eb729f0bf8f447a287bf915f6af971e) Importer(815301076,1909f56bfc062723c751e8b465ee728b)
Start importing Assets/KY_effects/MagicEffectsPackFree/Materials/project1_coreb00000_4x4.mat using Guid(1eb729f0bf8f447a287bf915f6af971e) Importer(815301076,1909f56bfc062723c751e8b465ee728b)  -> (artifact id: '50cec21c1c09d990babf1dd09cac62ff') in 0.011623 seconds 
========================================================================
Received Import Request.
  Time since last request: 0.000204 seconds.
  path: Assets/KY_effects/MagicEffectsPackFree/Materials/circle.mat
  artifactKey: Guid(ba5f04248cf24428ab06cb5e6e1efe8b) Importer(815301076,1909f56bfc062723c751e8b465ee728b)
Start importing Assets/KY_effects/MagicEffectsPackFree/Materials/circle.mat using Guid(ba5f04248cf24428ab06cb5e6e1efe8b) Importer(815301076,1909f56bfc062723c751e8b465ee728b)  -> (artifact id: 'c3b7cb3e4d847fc70e6a8ba0e8ad142d') in 0.012807 seconds 
========================================================================
Received Import Request.
  Time since last request: 0.000274 seconds.
  path: Assets/KY_effects/MagicEffectsPackFree/Materials/smoke_4x4.mat
  artifactKey: Guid(9a6a17158871246cabcc1854d224efcd) Importer(815301076,1909f56bfc062723c751e8b465ee728b)
Start importing Assets/KY_effects/MagicEffectsPackFree/Materials/smoke_4x4.mat using Guid(9a6a17158871246cabcc1854d224efcd) Importer(815301076,1909f56bfc062723c751e8b465ee728b)  -> (artifact id: 'f7f27cd467d50edf792a2e03013463de') in 0.012741 seconds 
========================================================================
Received Import Request.
  Time since last request: 0.000184 seconds.
  path: Assets/KY_effects/MagicEffectsPackFree/Materials/project2_4x4.mat
  artifactKey: Guid(09864c04d81b843f99ef195bf0bdab05) Importer(815301076,1909f56bfc062723c751e8b465ee728b)
Start importing Assets/KY_effects/MagicEffectsPackFree/Materials/project2_4x4.mat using Guid(09864c04d81b843f99ef195bf0bdab05) Importer(815301076,1909f56bfc062723c751e8b465ee728b)  -> (artifact id: '2a839a2b3bb4053b321f3400598ed9ef') in 0.011859 seconds 
========================================================================
Received Import Request.
  Time since last request: 0.000194 seconds.
  path: Assets/KY_effects/MagicEffectsPackFree/Materials/Light.mat
  artifactKey: Guid(8371c910b6db2463391a051e571e2558) Importer(815301076,1909f56bfc062723c751e8b465ee728b)
Start importing Assets/KY_effects/MagicEffectsPackFree/Materials/Light.mat using Guid(8371c910b6db2463391a051e571e2558) Importer(815301076,1909f56bfc062723c751e8b465ee728b)  -> (artifact id: '6760c1b147321de18a414cbab743e477') in 0.010460 seconds 
========================================================================
Received Import Request.
  Time since last request: 0.000185 seconds.
  path: Assets/KY_effects/MagicEffectsPackFree/Materials/spark00.mat
  artifactKey: Guid(e5c21b71466e14fb4ba9191442c35382) Importer(815301076,1909f56bfc062723c751e8b465ee728b)
Start importing Assets/KY_effects/MagicEffectsPackFree/Materials/spark00.mat using Guid(e5c21b71466e14fb4ba9191442c35382) Importer(815301076,1909f56bfc062723c751e8b465ee728b)  -> (artifact id: '672d4cb9dc3ee12801b2df8b56c8c2cf') in 0.012068 seconds 
========================================================================
Received Import Request.
  Time since last request: 0.000240 seconds.
  path: Assets/KY_effects/MagicEffectsPackFree/Materials/skill_6x2.mat
  artifactKey: Guid(fcab3e2d5c15f46b6a4f5b38d07c9532) Importer(815301076,1909f56bfc062723c751e8b465ee728b)
Start importing Assets/KY_effects/MagicEffectsPackFree/Materials/skill_6x2.mat using Guid(fcab3e2d5c15f46b6a4f5b38d07c9532) Importer(815301076,1909f56bfc062723c751e8b465ee728b)  -> (artifact id: '678d9c43b614ac03e87dde0869722741') in 0.012968 seconds 
========================================================================
Received Import Request.
  Time since last request: 0.000247 seconds.
  path: Assets/KY_effects/MagicEffectsPackFree/Materials/fire_8x2.mat
  artifactKey: Guid(a4aa39205d4684799b1966aceba84c80) Importer(815301076,1909f56bfc062723c751e8b465ee728b)
Start importing Assets/KY_effects/MagicEffectsPackFree/Materials/fire_8x2.mat using Guid(a4aa39205d4684799b1966aceba84c80) Importer(815301076,1909f56bfc062723c751e8b465ee728b)  -> (artifact id: '600c594abc0e3746ec3c83401d6c7029') in 0.011793 seconds 
========================================================================
Received Import Request.
  Time since last request: 0.000283 seconds.
  path: Assets/KY_effects/MagicEffectsPackFree/Materials/Ground.mat
  artifactKey: Guid(f5787d80b207a495da082c186b3e11d4) Importer(815301076,1909f56bfc062723c751e8b465ee728b)
Start importing Assets/KY_effects/MagicEffectsPackFree/Materials/Ground.mat using Guid(f5787d80b207a495da082c186b3e11d4) Importer(815301076,1909f56bfc062723c751e8b465ee728b)  -> (artifact id: '1fcd3bb0095ab708d1d82f46e00015aa') in 0.011665 seconds 
========================================================================
Received Import Request.
  Time since last request: 0.000206 seconds.
  path: Assets/KY_effects/MagicEffectsPackFree/Materials/frame_ball_00.mat
  artifactKey: Guid(bc068d81624ad4ee98c7b986f055d4b1) Importer(815301076,1909f56bfc062723c751e8b465ee728b)
Start importing Assets/KY_effects/MagicEffectsPackFree/Materials/frame_ball_00.mat using Guid(bc068d81624ad4ee98c7b986f055d4b1) Importer(815301076,1909f56bfc062723c751e8b465ee728b)  -> (artifact id: '1e4613d388d3de82f2c7e505335b9958') in 0.011535 seconds 
========================================================================
Received Import Request.
  Time since last request: 0.000205 seconds.
  path: Assets/KY_effects/MagicEffectsPackFree/Materials/primitive.mat
  artifactKey: Guid(0a9e2d6678bc14587baeeaa6d7e7b3a6) Importer(815301076,1909f56bfc062723c751e8b465ee728b)
Start importing Assets/KY_effects/MagicEffectsPackFree/Materials/primitive.mat using Guid(0a9e2d6678bc14587baeeaa6d7e7b3a6) Importer(815301076,1909f56bfc062723c751e8b465ee728b)  -> (artifact id: 'd0113d7fb6addd8c42781140b2c5b0b3') in 0.010510 seconds 
========================================================================
Received Import Request.
  Time since last request: 11.240010 seconds.
  path: Assets/KY_effects/MagicEffectsPackFree/Textures
  artifactKey: Guid(8e374e95ba4be2c4bb76ecbcd699b3ce) Importer(815301076,1909f56bfc062723c751e8b465ee728b)
Start importing Assets/KY_effects/MagicEffectsPackFree/Textures using Guid(8e374e95ba4be2c4bb76ecbcd699b3ce) Importer(815301076,1909f56bfc062723c751e8b465ee728b)  -> (artifact id: 'a7ab0ed1d9682b12b402d26abeb28dba') in 0.006350 seconds 
========================================================================
Received Import Request.
  Time since last request: 0.072029 seconds.
  path: Assets/KY_effects/MagicEffectsPackFree/Textures/00_4x4.png
  artifactKey: Guid(e2df958e0552c4854b05e0d6a3b15c99) Importer(815301076,1909f56bfc062723c751e8b465ee728b)
Start importing Assets/KY_effects/MagicEffectsPackFree/Textures/00_4x4.png using Guid(e2df958e0552c4854b05e0d6a3b15c99) Importer(815301076,1909f56bfc062723c751e8b465ee728b)  -> (artifact id: '21c09a312eacffcf7c0246a5ff7a8945') in 0.048404 seconds 
========================================================================
Received Import Request.
  Time since last request: 0.000292 seconds.
  path: Assets/KY_effects/MagicEffectsPackFree/Textures/bg.png
  artifactKey: Guid(c0fa39a92eb0f4e29a63473190cbd340) Importer(815301076,1909f56bfc062723c751e8b465ee728b)
Start importing Assets/KY_effects/MagicEffectsPackFree/Textures/bg.png using Guid(c0fa39a92eb0f4e29a63473190cbd340) Importer(815301076,1909f56bfc062723c751e8b465ee728b)  -> (artifact id: '6549e5a27cb27ef1339d0f0cdf6b3fc4') in 0.043153 seconds 
========================================================================
Received Import Request.
  Time since last request: 0.000298 seconds.
  path: Assets/KY_effects/MagicEffectsPackFree/Textures/project2_4x4.png
  artifactKey: Guid(8b4267653e73941518caaa647b92ff83) Importer(815301076,1909f56bfc062723c751e8b465ee728b)
Start importing Assets/KY_effects/MagicEffectsPackFree/Textures/project2_4x4.png using Guid(8b4267653e73941518caaa647b92ff83) Importer(815301076,1909f56bfc062723c751e8b465ee728b)  -> (artifact id: '0ec10a80155f99dda81db171cd110ce7') in 0.013271 seconds 
========================================================================
Received Import Request.
  Time since last request: 0.000241 seconds.
  path: Assets/KY_effects/MagicEffectsPackFree/Textures/thander_core_4x4.png
  artifactKey: Guid(6ad633fe4d17746979902e51ff36c51c) Importer(815301076,1909f56bfc062723c751e8b465ee728b)
Start importing Assets/KY_effects/MagicEffectsPackFree/Textures/thander_core_4x4.png using Guid(6ad633fe4d17746979902e51ff36c51c) Importer(815301076,1909f56bfc062723c751e8b465ee728b)  -> (artifact id: '218f446cc6946741dac66a97f72c116f') in 0.013763 seconds 
========================================================================
Received Import Request.
  Time since last request: 0.000369 seconds.
  path: Assets/KY_effects/MagicEffectsPackFree/Textures/project1_coreb00000_4x4.png
  artifactKey: Guid(fd8840ed013374df7bff5ecc9af83ffc) Importer(815301076,1909f56bfc062723c751e8b465ee728b)
Start importing Assets/KY_effects/MagicEffectsPackFree/Textures/project1_coreb00000_4x4.png using Guid(fd8840ed013374df7bff5ecc9af83ffc) Importer(815301076,1909f56bfc062723c751e8b465ee728b)  -> (artifact id: '6e7e62f1acb8c884ad4e371909d69471') in 0.013665 seconds 
========================================================================
Received Import Request.
  Time since last request: 0.000233 seconds.
  path: Assets/KY_effects/MagicEffectsPackFree/Textures/Star.png
  artifactKey: Guid(6793afeb1ba524134ae93ee3038763e0) Importer(815301076,1909f56bfc062723c751e8b465ee728b)
Start importing Assets/KY_effects/MagicEffectsPackFree/Textures/Star.png using Guid(6793afeb1ba524134ae93ee3038763e0) Importer(815301076,1909f56bfc062723c751e8b465ee728b)  -> (artifact id: 'd907d12d1bf1b8b42d189dac743fdc5c') in 0.012711 seconds 
========================================================================
Received Import Request.
  Time since last request: 0.000326 seconds.
  path: Assets/KY_effects/MagicEffectsPackFree/Textures/whity_4x4.png
  artifactKey: Guid(94eddc2fdb1d84a28968c0f6ac5817db) Importer(815301076,1909f56bfc062723c751e8b465ee728b)
Start importing Assets/KY_effects/MagicEffectsPackFree/Textures/whity_4x4.png using Guid(94eddc2fdb1d84a28968c0f6ac5817db) Importer(815301076,1909f56bfc062723c751e8b465ee728b)  -> (artifact id: 'af174f1563e7eed3d349a1e24be40bb2') in 0.013733 seconds 
========================================================================
Received Import Request.
  Time since last request: 0.000243 seconds.
  path: Assets/KY_effects/MagicEffectsPackFree/Textures/greenCore_4x4.png
  artifactKey: Guid(6e252109536f9409d9b1408e628622c6) Importer(815301076,1909f56bfc062723c751e8b465ee728b)
Start importing Assets/KY_effects/MagicEffectsPackFree/Textures/greenCore_4x4.png using Guid(6e252109536f9409d9b1408e628622c6) Importer(815301076,1909f56bfc062723c751e8b465ee728b)  -> (artifact id: '053168c25ffb78bec07a027c4edf8804') in 0.013218 seconds 
========================================================================
Received Import Request.
  Time since last request: 0.000269 seconds.
  path: Assets/KY_effects/MagicEffectsPackFree/Textures/skill_sw_4x2.png
  artifactKey: Guid(0439a29542b994b20b7df6f9662b999d) Importer(815301076,1909f56bfc062723c751e8b465ee728b)
Start importing Assets/KY_effects/MagicEffectsPackFree/Textures/skill_sw_4x2.png using Guid(0439a29542b994b20b7df6f9662b999d) Importer(815301076,1909f56bfc062723c751e8b465ee728b)  -> (artifact id: '55801908f10522de04b52cb4250b716f') in 0.012839 seconds 
========================================================================
Received Import Request.
  Time since last request: 0.000244 seconds.
  path: Assets/KY_effects/MagicEffectsPackFree/Textures/smoke_4x4.png
  artifactKey: Guid(59749addf6913444aa893d074aac57ad) Importer(815301076,1909f56bfc062723c751e8b465ee728b)
Start importing Assets/KY_effects/MagicEffectsPackFree/Textures/smoke_4x4.png using Guid(59749addf6913444aa893d074aac57ad) Importer(815301076,1909f56bfc062723c751e8b465ee728b)  -> (artifact id: '615922ef6b3608047118821bd3b6581d') in 0.015077 seconds 
========================================================================
Received Import Request.
  Time since last request: 0.000377 seconds.
  path: Assets/KY_effects/MagicEffectsPackFree/Textures/skill_core_4x4.png
  artifactKey: Guid(f84ebed8ab5b248b090e1eead3e7440b) Importer(815301076,1909f56bfc062723c751e8b465ee728b)
Start importing Assets/KY_effects/MagicEffectsPackFree/Textures/skill_core_4x4.png using Guid(f84ebed8ab5b248b090e1eead3e7440b) Importer(815301076,1909f56bfc062723c751e8b465ee728b)  -> (artifact id: '250da7e4f362427c945a641d8e5d4ca6') in 0.011742 seconds 
========================================================================
Received Import Request.
  Time since last request: 0.000256 seconds.
  path: Assets/KY_effects/MagicEffectsPackFree/Textures/hit_4x2.png
  artifactKey: Guid(9356c44783c484050a3fc7dd310d3746) Importer(815301076,1909f56bfc062723c751e8b465ee728b)
Start importing Assets/KY_effects/MagicEffectsPackFree/Textures/hit_4x2.png using Guid(9356c44783c484050a3fc7dd310d3746) Importer(815301076,1909f56bfc062723c751e8b465ee728b)  -> (artifact id: 'a1929f2fa48cc170a3e8416b5c412584') in 0.011258 seconds 
========================================================================
Received Import Request.
  Time since last request: 0.000260 seconds.
  path: Assets/KY_effects/MagicEffectsPackFree/Textures/spark00.png
  artifactKey: Guid(721337f01450c48b99e1697499c02e55) Importer(815301076,1909f56bfc062723c751e8b465ee728b)
Start importing Assets/KY_effects/MagicEffectsPackFree/Textures/spark00.png using Guid(721337f01450c48b99e1697499c02e55) Importer(815301076,1909f56bfc062723c751e8b465ee728b)  -> (artifact id: '4f521c916e7472e9d6a18b015e3a44de') in 0.010504 seconds 
========================================================================
Received Import Request.
  Time since last request: 0.000397 seconds.
  path: Assets/KY_effects/MagicEffectsPackFree/Textures/skill_6x2.png
  artifactKey: Guid(c7495f6062b3f456ba59006f936457f5) Importer(815301076,1909f56bfc062723c751e8b465ee728b)
Start importing Assets/KY_effects/MagicEffectsPackFree/Textures/skill_6x2.png using Guid(c7495f6062b3f456ba59006f936457f5) Importer(815301076,1909f56bfc062723c751e8b465ee728b)  -> (artifact id: '246c4960a6156045cd72939a5c93ca0c') in 0.013030 seconds 
========================================================================
Received Import Request.
  Time since last request: 0.000340 seconds.
  path: Assets/KY_effects/MagicEffectsPackFree/Textures/explosion_4x4.png
  artifactKey: Guid(0097857ce343b494ca4f2f42f84dc56b) Importer(815301076,1909f56bfc062723c751e8b465ee728b)
Start importing Assets/KY_effects/MagicEffectsPackFree/Textures/explosion_4x4.png using Guid(0097857ce343b494ca4f2f42f84dc56b) Importer(815301076,1909f56bfc062723c751e8b465ee728b)  -> (artifact id: 'e40760e1c9a6c6f5ba17bf5cec947e5c') in 0.015058 seconds 
========================================================================
Received Import Request.
  Time since last request: 0.000270 seconds.
  path: Assets/KY_effects/MagicEffectsPackFree/Textures/project1_in00000_4x4.png
  artifactKey: Guid(1d19e477da4fe4b4b97d65ce6f3d7e4e) Importer(815301076,1909f56bfc062723c751e8b465ee728b)
Start importing Assets/KY_effects/MagicEffectsPackFree/Textures/project1_in00000_4x4.png using Guid(1d19e477da4fe4b4b97d65ce6f3d7e4e) Importer(815301076,1909f56bfc062723c751e8b465ee728b)  -> (artifact id: 'eef984564ff86fd09c67091cb2d00d9d') in 0.011668 seconds 
========================================================================
Received Import Request.
  Time since last request: 0.000217 seconds.
  path: Assets/KY_effects/MagicEffectsPackFree/Textures/dust_b.png
  artifactKey: Guid(68ccf2e0677824ab882b94fa7c3144cd) Importer(815301076,1909f56bfc062723c751e8b465ee728b)
Start importing Assets/KY_effects/MagicEffectsPackFree/Textures/dust_b.png using Guid(68ccf2e0677824ab882b94fa7c3144cd) Importer(815301076,1909f56bfc062723c751e8b465ee728b)  -> (artifact id: '8b30f065fdb8ec1e3016639d164866de') in 0.010743 seconds 
========================================================================
Received Import Request.
  Time since last request: 0.000400 seconds.
  path: Assets/KY_effects/MagicEffectsPackFree/Textures/circle.png
  artifactKey: Guid(1517498f6f43e4075b42c89d0c67190a) Importer(815301076,1909f56bfc062723c751e8b465ee728b)
Start importing Assets/KY_effects/MagicEffectsPackFree/Textures/circle.png using Guid(1517498f6f43e4075b42c89d0c67190a) Importer(815301076,1909f56bfc062723c751e8b465ee728b)  -> (artifact id: '15b913be8a400e27faf433227e5476de') in 0.010181 seconds 
========================================================================
Received Import Request.
  Time since last request: 0.000293 seconds.
  path: Assets/KY_effects/MagicEffectsPackFree/Textures/frame_ball_00.png
  artifactKey: Guid(7b22472e86828473097b1d9b67bb1740) Importer(815301076,1909f56bfc062723c751e8b465ee728b)
Start importing Assets/KY_effects/MagicEffectsPackFree/Textures/frame_ball_00.png using Guid(7b22472e86828473097b1d9b67bb1740) Importer(815301076,1909f56bfc062723c751e8b465ee728b)  -> (artifact id: '524c165af60eef5456a13c199fde29a7') in 0.011172 seconds 
========================================================================
Received Import Request.
  Time since last request: 0.000222 seconds.
  path: Assets/KY_effects/MagicEffectsPackFree/Textures/fire_8x2.png
  artifactKey: Guid(8477b1d2e55dc4ae8ada02c6116c592c) Importer(815301076,1909f56bfc062723c751e8b465ee728b)
Start importing Assets/KY_effects/MagicEffectsPackFree/Textures/fire_8x2.png using Guid(8477b1d2e55dc4ae8ada02c6116c592c) Importer(815301076,1909f56bfc062723c751e8b465ee728b)  -> (artifact id: '4a907809be624285289ace943a1dd745') in 0.010517 seconds 
========================================================================
Received Import Request.
  Time since last request: 0.000269 seconds.
  path: Assets/KY_effects/MagicEffectsPackFree/Textures/project1_00000_8x2.png
  artifactKey: Guid(32f7310698aac494db0d6aa0262e2a75) Importer(815301076,1909f56bfc062723c751e8b465ee728b)
Start importing Assets/KY_effects/MagicEffectsPackFree/Textures/project1_00000_8x2.png using Guid(32f7310698aac494db0d6aa0262e2a75) Importer(815301076,1909f56bfc062723c751e8b465ee728b)  -> (artifact id: '5ccd2abcdf82f849615b0fc5f46e0901') in 0.010799 seconds 
========================================================================
Received Import Request.
  Time since last request: 0.000199 seconds.
  path: Assets/KY_effects/MagicEffectsPackFree/Textures/skill_sw_4x3.png
  artifactKey: Guid(ed268586bf3534bdc8732c363cccd3bc) Importer(815301076,1909f56bfc062723c751e8b465ee728b)
Start importing Assets/KY_effects/MagicEffectsPackFree/Textures/skill_sw_4x3.png using Guid(ed268586bf3534bdc8732c363cccd3bc) Importer(815301076,1909f56bfc062723c751e8b465ee728b)  -> (artifact id: '4c8bca73675c690e2f6a9c661583ade4') in 0.014301 seconds 
========================================================================
Received Import Request.
  Time since last request: 3.493172 seconds.
  path: Assets/KY_effects/MagicEffectsPackFree/prefab/energyBlast.prefab
  artifactKey: Guid(44dd4fdbb6f10429a844c51183a4c84e) Importer(815301076,1909f56bfc062723c751e8b465ee728b)
Start importing Assets/KY_effects/MagicEffectsPackFree/prefab/energyBlast.prefab using Guid(44dd4fdbb6f10429a844c51183a4c84e) Importer(815301076,1909f56bfc062723c751e8b465ee728b)  -> (artifact id: '37dec97894d1055bae489bb1c29f90a1') in 0.007467 seconds 
========================================================================
Received Import Request.
  Time since last request: 0.000275 seconds.
  path: Assets/KY_effects/MagicEffectsPackFree/prefab/ErekiBall.prefab
  artifactKey: Guid(391ec6f1311384e75b4888fd6fc26b7e) Importer(815301076,1909f56bfc062723c751e8b465ee728b)
Start importing Assets/KY_effects/MagicEffectsPackFree/prefab/ErekiBall.prefab using Guid(391ec6f1311384e75b4888fd6fc26b7e) Importer(815301076,1909f56bfc062723c751e8b465ee728b)  -> (artifact id: 'a4d52ecf6502a2f3a20450b08ab55eaa') in 0.006987 seconds 
========================================================================
Received Import Request.
  Time since last request: 0.000273 seconds.
  path: Assets/KY_effects/MagicEffectsPackFree/prefab/skillAttack.prefab
  artifactKey: Guid(a89abc0d2591545288f4c041059ae633) Importer(815301076,1909f56bfc062723c751e8b465ee728b)
Start importing Assets/KY_effects/MagicEffectsPackFree/prefab/skillAttack.prefab using Guid(a89abc0d2591545288f4c041059ae633) Importer(815301076,1909f56bfc062723c751e8b465ee728b)  -> (artifact id: '44858116b8005639c5484b3612c7ea1a') in 0.007544 seconds 
========================================================================
Received Import Request.
  Time since last request: 0.000326 seconds.
  path: Assets/KY_effects/MagicEffectsPackFree/prefab/skillAttack2.prefab
  artifactKey: Guid(75369bb81385f4904842bf20a51c14a2) Importer(815301076,1909f56bfc062723c751e8b465ee728b)
Start importing Assets/KY_effects/MagicEffectsPackFree/prefab/skillAttack2.prefab using Guid(75369bb81385f4904842bf20a51c14a2) Importer(815301076,1909f56bfc062723c751e8b465ee728b)  -> (artifact id: '31ea37384cc0616126161459db01478e') in 0.008350 seconds 
========================================================================
Received Import Request.
  Time since last request: 0.000288 seconds.
  path: Assets/KY_effects/MagicEffectsPackFree/prefab/ErekiBall2.prefab
  artifactKey: Guid(200e650fba6c8492b87e96e4bc273510) Importer(815301076,1909f56bfc062723c751e8b465ee728b)
Start importing Assets/KY_effects/MagicEffectsPackFree/prefab/ErekiBall2.prefab using Guid(200e650fba6c8492b87e96e4bc273510) Importer(815301076,1909f56bfc062723c751e8b465ee728b)  -> (artifact id: '1afb47fa21e74ac7cebce40a672d0392') in 0.008702 seconds 
========================================================================
Received Import Request.
  Time since last request: 0.000255 seconds.
  path: Assets/KY_effects/MagicEffectsPackFree/prefab/GreenCore.prefab
  artifactKey: Guid(906ef3748a66347cfb2d72de10092732) Importer(815301076,1909f56bfc062723c751e8b465ee728b)
Start importing Assets/KY_effects/MagicEffectsPackFree/prefab/GreenCore.prefab using Guid(906ef3748a66347cfb2d72de10092732) Importer(815301076,1909f56bfc062723c751e8b465ee728b)  -> (artifact id: '9907cd04c61eb05eb72a1199acd18431') in 0.008834 seconds 
========================================================================
Received Import Request.
  Time since last request: 0.000306 seconds.
  path: Assets/KY_effects/MagicEffectsPackFree/prefab/WhityBomb.prefab
  artifactKey: Guid(4d0391f078db24fac9f5cba3075f9f5d) Importer(815301076,1909f56bfc062723c751e8b465ee728b)
Start importing Assets/KY_effects/MagicEffectsPackFree/prefab/WhityBomb.prefab using Guid(4d0391f078db24fac9f5cba3075f9f5d) Importer(815301076,1909f56bfc062723c751e8b465ee728b)  -> (artifact id: '3ecd3b8329616653f9367f012ceef78f') in 0.008511 seconds 
========================================================================
Received Import Request.
  Time since last request: 0.000271 seconds.
  path: Assets/KY_effects/MagicEffectsPackFree/prefab/Spark.prefab
  artifactKey: Guid(bcf46e46336114145b09deb1db11d480) Importer(815301076,1909f56bfc062723c751e8b465ee728b)
Start importing Assets/KY_effects/MagicEffectsPackFree/prefab/Spark.prefab using Guid(bcf46e46336114145b09deb1db11d480) Importer(815301076,1909f56bfc062723c751e8b465ee728b)  -> (artifact id: '09c00cddf7d864c6e1476e3cb66f54c9') in 0.008076 seconds 
========================================================================
Received Import Request.
  Time since last request: 0.000282 seconds.
  path: Assets/KY_effects/MagicEffectsPackFree/prefab/frameBall.prefab
  artifactKey: Guid(6836f5eaa96f845c4ac0909f84272556) Importer(815301076,1909f56bfc062723c751e8b465ee728b)
Start importing Assets/KY_effects/MagicEffectsPackFree/prefab/frameBall.prefab using Guid(6836f5eaa96f845c4ac0909f84272556) Importer(815301076,1909f56bfc062723c751e8b465ee728b)  -> (artifact id: '361e61fc0beeaef76a4ab2382776d70e') in 0.009176 seconds 
========================================================================
Received Import Request.
  Time since last request: 0.000228 seconds.
  path: Assets/KY_effects/MagicEffectsPackFree/prefab/fireShot.prefab
  artifactKey: Guid(b2e1927a9cfbd4c03a114b0166c00dce) Importer(815301076,1909f56bfc062723c751e8b465ee728b)
Start importing Assets/KY_effects/MagicEffectsPackFree/prefab/fireShot.prefab using Guid(b2e1927a9cfbd4c03a114b0166c00dce) Importer(815301076,1909f56bfc062723c751e8b465ee728b)  -> (artifact id: '8f641af224d57aca004736437cad01df') in 0.008114 seconds 
========================================================================
Received Import Request.
  Time since last request: 20.213267 seconds.
  path: Assets/EffectExamples/WaterEffects
  artifactKey: Guid(ba290491ceddda648bce3f8b178b2353) Importer(815301076,1909f56bfc062723c751e8b465ee728b)
Start importing Assets/EffectExamples/WaterEffects using Guid(ba290491ceddda648bce3f8b178b2353) Importer(815301076,1909f56bfc062723c751e8b465ee728b)  -> (artifact id: '559133c32e20b8ee704db30fdd3001d0') in 0.006637 seconds 
========================================================================
Received Import Request.
  Time since last request: 1.225685 seconds.
  path: Assets/EffectExamples/WaterEffects/Materials
  artifactKey: Guid(1f8951ef49370d3428354eb05c6385e1) Importer(815301076,1909f56bfc062723c751e8b465ee728b)
Start importing Assets/EffectExamples/WaterEffects/Materials using Guid(1f8951ef49370d3428354eb05c6385e1) Importer(815301076,1909f56bfc062723c751e8b465ee728b)  -> (artifact id: '27fa0b677322dabc871b65837478392e') in 0.002472 seconds 
========================================================================
Received Import Request.
  Time since last request: 0.068094 seconds.
  path: Assets/EffectExamples/WaterEffects/Materials/ImpactSplashParticle.mat
  artifactKey: Guid(90c3f5183cf0f9d488b3821973c75c93) Importer(815301076,1909f56bfc062723c751e8b465ee728b)
Start importing Assets/EffectExamples/WaterEffects/Materials/ImpactSplashParticle.mat using Guid(90c3f5183cf0f9d488b3821973c75c93) Importer(815301076,1909f56bfc062723c751e8b465ee728b)  -> (artifact id: '1fd3d850e00a7648b62d69d86aca41ce') in 0.030039 seconds 
========================================================================
Received Import Request.
  Time since last request: 0.000248 seconds.
  path: Assets/EffectExamples/WaterEffects/Materials/StormCloudParticle.mat
  artifactKey: Guid(6ed8795ca1a3b714ea3f3d7a204afb7a) Importer(815301076,1909f56bfc062723c751e8b465ee728b)
Start importing Assets/EffectExamples/WaterEffects/Materials/StormCloudParticle.mat using Guid(6ed8795ca1a3b714ea3f3d7a204afb7a) Importer(815301076,1909f56bfc062723c751e8b465ee728b)  -> (artifact id: 'faa7e9363a8ee30dff34383cdd32c8ee') in 0.015436 seconds 
========================================================================
Received Import Request.
  Time since last request: 0.000305 seconds.
  path: Assets/EffectExamples/WaterEffects/Materials/WaterMistParticle.mat
  artifactKey: Guid(d0cac5b586ffc5541841ef1580df871c) Importer(815301076,1909f56bfc062723c751e8b465ee728b)
Start importing Assets/EffectExamples/WaterEffects/Materials/WaterMistParticle.mat using Guid(d0cac5b586ffc5541841ef1580df871c) Importer(815301076,1909f56bfc062723c751e8b465ee728b)  -> (artifact id: 'fec9de06fe00db7a7833befe1a603a5a') in 0.011291 seconds 
========================================================================
Received Import Request.
  Time since last request: 0.000262 seconds.
  path: Assets/EffectExamples/WaterEffects/Materials/WaterTrailParticle.mat
  artifactKey: Guid(2cf2d564c8b1c7a469f8711c96c0efaa) Importer(815301076,1909f56bfc062723c751e8b465ee728b)
Start importing Assets/EffectExamples/WaterEffects/Materials/WaterTrailParticle.mat using Guid(2cf2d564c8b1c7a469f8711c96c0efaa) Importer(815301076,1909f56bfc062723c751e8b465ee728b)  -> (artifact id: '4c472630e9dc22fcf7baa3f3637974f2') in 0.011648 seconds 
========================================================================
Received Import Request.
  Time since last request: 0.000264 seconds.
  path: Assets/EffectExamples/WaterEffects/Materials/WaterDropParticle.mat
  artifactKey: Guid(760cb38a22b22154790d1a62e76c087e) Importer(815301076,1909f56bfc062723c751e8b465ee728b)
Start importing Assets/EffectExamples/WaterEffects/Materials/WaterDropParticle.mat using Guid(760cb38a22b22154790d1a62e76c087e) Importer(815301076,1909f56bfc062723c751e8b465ee728b)  -> (artifact id: '322f3d6288c77f1974f6f8361e4b52b7') in 0.010495 seconds 
========================================================================
Received Import Request.
  Time since last request: 0.000307 seconds.
  path: Assets/EffectExamples/WaterEffects/Materials/WaterRipplesParticle.mat
  artifactKey: Guid(c185392cb22aeb741a03d966a7012837) Importer(815301076,1909f56bfc062723c751e8b465ee728b)
Start importing Assets/EffectExamples/WaterEffects/Materials/WaterRipplesParticle.mat using Guid(c185392cb22aeb741a03d966a7012837) Importer(815301076,1909f56bfc062723c751e8b465ee728b)  -> (artifact id: 'caf16e23721e5e36ca1648c48f67cdf8') in 0.011976 seconds 
========================================================================
Received Import Request.
  Time since last request: 26.212088 seconds.
  path: Packages/com.unity.postprocessing/PostProcessing/PostProcessResources.asset
  artifactKey: Guid(d82512f9c8e5d4a4d938b575d47f88d4) Importer(815301076,1909f56bfc062723c751e8b465ee728b)
Start importing Packages/com.unity.postprocessing/PostProcessing/PostProcessResources.asset using Guid(d82512f9c8e5d4a4d938b575d47f88d4) Importer(815301076,1909f56bfc062723c751e8b465ee728b)  -> (artifact id: '6af8c186082e2f8dbe5ac68ab69e184b') in 0.023069 seconds 
========================================================================
Received Import Request.
  Time since last request: 10.664268 seconds.
  path: Packages/com.unity.2d.sprite/Editor/Unity.2D.Sprite.Editor.asmdef
  artifactKey: Guid(2c573e6b271651846a79655161004c5b) Importer(815301076,1909f56bfc062723c751e8b465ee728b)
Start importing Packages/com.unity.2d.sprite/Editor/Unity.2D.Sprite.Editor.asmdef using Guid(2c573e6b271651846a79655161004c5b) Importer(815301076,1909f56bfc062723c751e8b465ee728b)  -> (artifact id: '75d9bb45d92a02f508ba32d52934c281') in 0.005892 seconds 
========================================================================
Received Prepare
Registering precompiled user dll's ...
Registered in 0.002536 seconds.
Begin MonoManager ReloadAssembly
Native extension for LinuxStandalone target not found
Native extension for WindowsStandalone target not found
Native extension for OSXStandalone target not found
Native extension for WebGL target not found
Refreshing native plugins compatible for Editor in 0.80 ms, found 1 plugins.
Preloading 0 native plugins for Editor in 0.00 ms.
Mono: successfully reloaded assembly
- Completed reload, in  1.124 seconds
Platform modules already initialized, skipping
Shader 'Universal Render Pipeline/Particles/Lit': fallback shader 'Universal Render Pipeline/Particles/SimpleLit' not found
Refreshing native plugins compatible for Editor in 0.79 ms, found 1 plugins.
Preloading 0 native plugins for Editor in 0.00 ms.
Unloading 4744 Unused Serialized files (Serialized files now loaded: 0)
System memory in use before: 211.0 MB.
System memory in use after: 211.5 MB.

Unloading 13 unused Assets to reduce memory usage. Loaded Objects now: 5677.
Total: 2.841100 ms (FindLiveObjects: 0.383100 ms CreateObjectMapping: 0.208100 ms MarkObjects: 2.212900 ms  DeleteObjects: 0.036300 ms)

AssetImportWorkerClient::OnTransportError - code=2 error=End of file
