Using pre-set license
Built from '2021.1/staging' branch; Version is '2021.1.6f1 (c0fade0cc7e9) revision 12647134'; Using compiler version '192528614'; Build Type 'Release'
OS: 'Windows 10 Pro; OS build 19044.1889; Version 2009; 64bit' Language: 'ru' Physical Memory: 16236 MB
BatchMode: 1, IsHumanControllingUs: 0, StartBugReporterOnCrash: 0, Is64bit: 1, IsPro: 0

 COMMAND LINE ARGUMENTS:
C:\Program Files\Unity 2021.1.6f1\Editor\Unity.exe
-adb2
-batchMode
-noUpm
-name
AssetImportWorker0
-projectPath
E:/CODE/UnityStudy/Course2_project
-logFile
Logs/AssetImportWorker0.log
-srvPort
50776
Successfully changed project path to: E:/CODE/UnityStudy/Course2_project
E:/CODE/UnityStudy/Course2_project
Using Asset Import Pipeline V2.
Refreshing native plugins compatible for Editor in 113.20 ms, found 1 plugins.
Preloading 0 native plugins for Editor in 0.00 ms.
Initialize engine version: 2021.1.6f1 (c0fade0cc7e9)
[Subsystems] Discovering subsystems at path C:/Program Files/Unity 2021.1.6f1/Editor/Data/Resources/UnitySubsystems
[Subsystems] Discovering subsystems at path E:/CODE/UnityStudy/Course2_project/Assets
GfxDevice: creating device client; threaded=0; jobified=0
Direct3D:
    Version:  Direct3D 11.0 [level 11.1]
    Renderer: NVIDIA GeForce RTX 3060 Laptop GPU (ID=0x2560)
    Vendor:   NVIDIA
    VRAM:     6023 MB
    Driver:   30.0.15.1236
Shader 'Universal Render Pipeline/Particles/Lit': fallback shader 'Universal Render Pipeline/Particles/SimpleLit' not found
Initialize mono
Mono path[0] = 'C:/Program Files/Unity 2021.1.6f1/Editor/Data/Managed'
Mono path[1] = 'C:/Program Files/Unity 2021.1.6f1/Editor/Data/MonoBleedingEdge/lib/mono/unityjit'
Mono config path = 'C:/Program Files/Unity 2021.1.6f1/Editor/Data/MonoBleedingEdge/etc'
Using monoOptions --debugger-agent=transport=dt_socket,embedding=1,server=y,suspend=n,address=127.0.0.1:56376
Begin MonoManager ReloadAssembly
Registering precompiled unity dll's ...
Register platform support module: C:/Program Files/Unity 2021.1.6f1/Editor/Data/PlaybackEngines/WindowsStandaloneSupport/UnityEditor.WindowsStandalone.Extensions.dll
Registered in 0.001059 seconds.
Native extension for WindowsStandalone target not found
Refreshing native plugins compatible for Editor in 106.14 ms, found 1 plugins.
Preloading 0 native plugins for Editor in 0.00 ms.
Mono: successfully reloaded assembly
- Completed reload, in  1.070 seconds
Platform modules already initialized, skipping
Registering precompiled user dll's ...
Registered in 0.005694 seconds.
Begin MonoManager ReloadAssembly
Native extension for WindowsStandalone target not found
Refreshing native plugins compatible for Editor in 152.09 ms, found 1 plugins.
Preloading 0 native plugins for Editor in 0.00 ms.
Mono: successfully reloaded assembly
- Completed reload, in  1.522 seconds
Platform modules already initialized, skipping
========================================================================
Worker process is ready to serve import requests
Shader 'Universal Render Pipeline/Particles/Lit': fallback shader 'Universal Render Pipeline/Particles/SimpleLit' not found
Launched and connected shader compiler UnityShaderCompiler.exe after 0.04 seconds
Refreshing native plugins compatible for Editor in 1.50 ms, found 1 plugins.
Preloading 0 native plugins for Editor in 0.00 ms.
Unloading 4818 Unused Serialized files (Serialized files now loaded: 0)
System memory in use before: 186.4 MB.
System memory in use after: 186.6 MB.

Unloading 16 unused Assets to reduce memory usage. Loaded Objects now: 5276.
Total: 3.345800 ms (FindLiveObjects: 0.446200 ms CreateObjectMapping: 0.329600 ms MarkObjects: 2.484300 ms  DeleteObjects: 0.084400 ms)

========================================================================
Received Import Request.
  path: Assets/Scripts/Rocket.cs
  artifactKey: Guid(a66ec8ca941d3d142a219544e36f06bc) Importer(815301076,1909f56bfc062723c751e8b465ee728b)
Start importing Assets/Scripts/Rocket.cs using Guid(a66ec8ca941d3d142a219544e36f06bc) Importer(815301076,1909f56bfc062723c751e8b465ee728b)  -> (artifact id: '9f9e6670439e632e1af211a2e4068d9d') in 0.030385 seconds 
========================================================================
Received Prepare
Registering precompiled user dll's ...
Registered in 0.003629 seconds.
Begin MonoManager ReloadAssembly
Native extension for WindowsStandalone target not found
Refreshing native plugins compatible for Editor in 1.62 ms, found 1 plugins.
Preloading 0 native plugins for Editor in 0.00 ms.
Mono: successfully reloaded assembly
- Completed reload, in  0.899 seconds
Platform modules already initialized, skipping
Shader 'Universal Render Pipeline/Particles/Lit': fallback shader 'Universal Render Pipeline/Particles/SimpleLit' not found
Refreshing native plugins compatible for Editor in 0.91 ms, found 1 plugins.
Preloading 0 native plugins for Editor in 0.00 ms.
Unloading 4721 Unused Serialized files (Serialized files now loaded: 0)
System memory in use before: 177.5 MB.
System memory in use after: 177.7 MB.

Unloading 11 unused Assets to reduce memory usage. Loaded Objects now: 5279.
Total: 2.862300 ms (FindLiveObjects: 0.397000 ms CreateObjectMapping: 0.278000 ms MarkObjects: 2.166600 ms  DeleteObjects: 0.019400 ms)

========================================================================
Received Import Request.
  Time since last request: 133.023001 seconds.
  path: Assets/Scripts/Rocket.cs
  artifactKey: Guid(a66ec8ca941d3d142a219544e36f06bc) Importer(815301076,1909f56bfc062723c751e8b465ee728b)
Start importing Assets/Scripts/Rocket.cs using Guid(a66ec8ca941d3d142a219544e36f06bc) Importer(815301076,1909f56bfc062723c751e8b465ee728b)  -> (artifact id: 'bead168aae87c3be2da41e990ccd00cb') in 0.009029 seconds 
========================================================================
Received Prepare
Registering precompiled user dll's ...
Registered in 0.004971 seconds.
Begin MonoManager ReloadAssembly
Native extension for WindowsStandalone target not found
Refreshing native plugins compatible for Editor in 0.96 ms, found 1 plugins.
Preloading 0 native plugins for Editor in 0.00 ms.
Mono: successfully reloaded assembly
- Completed reload, in  1.084 seconds
Platform modules already initialized, skipping
Shader 'Universal Render Pipeline/Particles/Lit': fallback shader 'Universal Render Pipeline/Particles/SimpleLit' not found
Refreshing native plugins compatible for Editor in 1.12 ms, found 1 plugins.
Preloading 0 native plugins for Editor in 0.00 ms.
Unloading 4721 Unused Serialized files (Serialized files now loaded: 0)
System memory in use before: 177.5 MB.
System memory in use after: 177.8 MB.

Unloading 11 unused Assets to reduce memory usage. Loaded Objects now: 5282.
Total: 4.202300 ms (FindLiveObjects: 0.683400 ms CreateObjectMapping: 0.323600 ms MarkObjects: 3.159600 ms  DeleteObjects: 0.033600 ms)

========================================================================
Received Prepare
Shader 'Universal Render Pipeline/Particles/Lit': fallback shader 'Universal Render Pipeline/Particles/SimpleLit' not found
Refreshing native plugins compatible for Editor in 2.58 ms, found 1 plugins.
Preloading 0 native plugins for Editor in 0.00 ms.
Unloading 9 Unused Serialized files (Serialized files now loaded: 0)
System memory in use before: 84.2 MB.
System memory in use after: 84.5 MB.

Unloading 9 unused Assets to reduce memory usage. Loaded Objects now: 5282.
Total: 25.545000 ms (FindLiveObjects: 0.531700 ms CreateObjectMapping: 0.308100 ms MarkObjects: 24.678100 ms  DeleteObjects: 0.025900 ms)

========================================================================
Received Prepare
Registering precompiled user dll's ...
Registered in 0.003616 seconds.
Begin MonoManager ReloadAssembly
Native extension for WindowsStandalone target not found
Refreshing native plugins compatible for Editor in 0.92 ms, found 1 plugins.
Preloading 0 native plugins for Editor in 0.00 ms.
Mono: successfully reloaded assembly
- Completed reload, in  0.902 seconds
Platform modules already initialized, skipping
Shader 'Universal Render Pipeline/Particles/Lit': fallback shader 'Universal Render Pipeline/Particles/SimpleLit' not found
Refreshing native plugins compatible for Editor in 0.92 ms, found 1 plugins.
Preloading 0 native plugins for Editor in 0.00 ms.
Unloading 4721 Unused Serialized files (Serialized files now loaded: 0)
System memory in use before: 177.7 MB.
System memory in use after: 178.0 MB.

Unloading 11 unused Assets to reduce memory usage. Loaded Objects now: 5285.
Total: 2.835600 ms (FindLiveObjects: 0.374600 ms CreateObjectMapping: 0.256500 ms MarkObjects: 2.185400 ms  DeleteObjects: 0.018100 ms)

========================================================================
Received Import Request.
  Time since last request: 2742.351290 seconds.
  path: Assets/Prefabs/Rocket.prefab
  artifactKey: Guid(7e87cd3c4c7fdb841a6726763298fc02) Importer(815301076,1909f56bfc062723c751e8b465ee728b)
Start importing Assets/Prefabs/Rocket.prefab using Guid(7e87cd3c4c7fdb841a6726763298fc02) Importer(815301076,1909f56bfc062723c751e8b465ee728b)  -> (artifact id: 'a152e08009b0ef7354ee202088a8a972') in 0.184323 seconds 
========================================================================
Received Import Request.
  Time since last request: 18.134525 seconds.
  path: Assets/Prefabs/Rocket.prefab
  artifactKey: Guid(7e87cd3c4c7fdb841a6726763298fc02) Importer(815301076,1909f56bfc062723c751e8b465ee728b)
Start importing Assets/Prefabs/Rocket.prefab using Guid(7e87cd3c4c7fdb841a6726763298fc02) Importer(815301076,1909f56bfc062723c751e8b465ee728b)  -> (artifact id: '84feec2365bb1496e998a278b4c307e9') in 0.053281 seconds 
========================================================================
Received Prepare
Registering precompiled user dll's ...
Registered in 0.003541 seconds.
Begin MonoManager ReloadAssembly
Native extension for WindowsStandalone target not found
Refreshing native plugins compatible for Editor in 0.95 ms, found 1 plugins.
Preloading 0 native plugins for Editor in 0.00 ms.
Mono: successfully reloaded assembly
- Completed reload, in  0.844 seconds
Platform modules already initialized, skipping
Shader 'Universal Render Pipeline/Particles/Lit': fallback shader 'Universal Render Pipeline/Particles/SimpleLit' not found
Refreshing native plugins compatible for Editor in 0.89 ms, found 1 plugins.
Preloading 0 native plugins for Editor in 0.00 ms.
Unloading 4721 Unused Serialized files (Serialized files now loaded: 0)
System memory in use before: 181.8 MB.
System memory in use after: 182.0 MB.

Unloading 13 unused Assets to reduce memory usage. Loaded Objects now: 5297.
Total: 3.377800 ms (FindLiveObjects: 0.372400 ms CreateObjectMapping: 0.279900 ms MarkObjects: 2.685900 ms  DeleteObjects: 0.038400 ms)

========================================================================
Received Import Request.
  Time since last request: 61.530851 seconds.
  path: Assets/Prefabs/Rocket.prefab
  artifactKey: Guid(7e87cd3c4c7fdb841a6726763298fc02) Importer(815301076,1909f56bfc062723c751e8b465ee728b)
Start importing Assets/Prefabs/Rocket.prefab using Guid(7e87cd3c4c7fdb841a6726763298fc02) Importer(815301076,1909f56bfc062723c751e8b465ee728b)  -> (artifact id: '4f0b0aa4c644258d73c57862d499c03e') in 0.094584 seconds 
========================================================================
Received Prepare
Registering precompiled user dll's ...
Registered in 0.004303 seconds.
Begin MonoManager ReloadAssembly
Native extension for WindowsStandalone target not found
Refreshing native plugins compatible for Editor in 0.91 ms, found 1 plugins.
Preloading 0 native plugins for Editor in 0.00 ms.
Mono: successfully reloaded assembly
- Completed reload, in  0.978 seconds
Platform modules already initialized, skipping
Shader 'Universal Render Pipeline/Particles/Lit': fallback shader 'Universal Render Pipeline/Particles/SimpleLit' not found
Refreshing native plugins compatible for Editor in 0.89 ms, found 1 plugins.
Preloading 0 native plugins for Editor in 0.00 ms.
Unloading 4721 Unused Serialized files (Serialized files now loaded: 0)
System memory in use before: 181.6 MB.
System memory in use after: 181.9 MB.

Unloading 13 unused Assets to reduce memory usage. Loaded Objects now: 5301.
Total: 2.906100 ms (FindLiveObjects: 0.363900 ms CreateObjectMapping: 0.253300 ms MarkObjects: 2.249900 ms  DeleteObjects: 0.037900 ms)

========================================================================
Received Prepare
Shader 'Universal Render Pipeline/Particles/Lit': fallback shader 'Universal Render Pipeline/Particles/SimpleLit' not found
Refreshing native plugins compatible for Editor in 2.05 ms, found 1 plugins.
Preloading 0 native plugins for Editor in 0.00 ms.
Unloading 9 Unused Serialized files (Serialized files now loaded: 0)
System memory in use before: 88.3 MB.
System memory in use after: 88.6 MB.

Unloading 9 unused Assets to reduce memory usage. Loaded Objects now: 5301.
Total: 3.023100 ms (FindLiveObjects: 0.446900 ms CreateObjectMapping: 0.313000 ms MarkObjects: 2.251100 ms  DeleteObjects: 0.011600 ms)

========================================================================
Received Prepare
Registering precompiled user dll's ...
Registered in 0.003475 seconds.
Begin MonoManager ReloadAssembly
Native extension for WindowsStandalone target not found
Refreshing native plugins compatible for Editor in 0.96 ms, found 1 plugins.
Preloading 0 native plugins for Editor in 0.00 ms.
Mono: successfully reloaded assembly
- Completed reload, in  0.856 seconds
Platform modules already initialized, skipping
Shader 'Universal Render Pipeline/Particles/Lit': fallback shader 'Universal Render Pipeline/Particles/SimpleLit' not found
Refreshing native plugins compatible for Editor in 0.88 ms, found 1 plugins.
Preloading 0 native plugins for Editor in 0.00 ms.
Unloading 4721 Unused Serialized files (Serialized files now loaded: 0)
System memory in use before: 181.8 MB.
System memory in use after: 182.1 MB.

Unloading 11 unused Assets to reduce memory usage. Loaded Objects now: 5304.
Total: 2.854400 ms (FindLiveObjects: 0.372200 ms CreateObjectMapping: 0.267500 ms MarkObjects: 2.198100 ms  DeleteObjects: 0.016000 ms)

========================================================================
Received Import Request.
  Time since last request: 264.066909 seconds.
  path: Assets/Scripts/Rocket.cs
  artifactKey: Guid(a66ec8ca941d3d142a219544e36f06bc) Importer(815301076,1909f56bfc062723c751e8b465ee728b)
Start importing Assets/Scripts/Rocket.cs using Guid(a66ec8ca941d3d142a219544e36f06bc) Importer(815301076,1909f56bfc062723c751e8b465ee728b)  -> (artifact id: '045ce96ae45249a33094b46273abd2bb') in 0.012213 seconds 
========================================================================
Received Prepare
Registering precompiled user dll's ...
Registered in 0.003473 seconds.
Begin MonoManager ReloadAssembly
Native extension for WindowsStandalone target not found
Refreshing native plugins compatible for Editor in 0.89 ms, found 1 plugins.
Preloading 0 native plugins for Editor in 0.00 ms.
Mono: successfully reloaded assembly
- Completed reload, in  0.789 seconds
Platform modules already initialized, skipping
Shader 'Universal Render Pipeline/Particles/Lit': fallback shader 'Universal Render Pipeline/Particles/SimpleLit' not found
Refreshing native plugins compatible for Editor in 0.91 ms, found 1 plugins.
Preloading 0 native plugins for Editor in 0.00 ms.
Unloading 4721 Unused Serialized files (Serialized files now loaded: 0)
System memory in use before: 181.8 MB.
System memory in use after: 182.1 MB.

Unloading 11 unused Assets to reduce memory usage. Loaded Objects now: 5307.
Total: 2.830500 ms (FindLiveObjects: 0.363100 ms CreateObjectMapping: 0.268000 ms MarkObjects: 2.183000 ms  DeleteObjects: 0.015700 ms)

========================================================================
Received Import Request.
  Time since last request: 74.390376 seconds.
  path: Assets/Prefabs/Rocket.prefab
  artifactKey: Guid(7e87cd3c4c7fdb841a6726763298fc02) Importer(815301076,1909f56bfc062723c751e8b465ee728b)
Start importing Assets/Prefabs/Rocket.prefab using Guid(7e87cd3c4c7fdb841a6726763298fc02) Importer(815301076,1909f56bfc062723c751e8b465ee728b)  -> (artifact id: 'f5676ec775f17ec07720226ad3935c04') in 0.101870 seconds 
========================================================================
Received Import Request.
  Time since last request: 4.026763 seconds.
  path: Assets/Prefabs/Rocket.prefab
  artifactKey: Guid(7e87cd3c4c7fdb841a6726763298fc02) Importer(815301076,1909f56bfc062723c751e8b465ee728b)
Start importing Assets/Prefabs/Rocket.prefab using Guid(7e87cd3c4c7fdb841a6726763298fc02) Importer(815301076,1909f56bfc062723c751e8b465ee728b)  -> (artifact id: 'd99d6be3d406e66a5fc58142244a4d08') in 0.037656 seconds 
========================================================================
Received Prepare
Registering precompiled user dll's ...
Registered in 0.003488 seconds.
Begin MonoManager ReloadAssembly
Native extension for WindowsStandalone target not found
Refreshing native plugins compatible for Editor in 0.89 ms, found 1 plugins.
Preloading 0 native plugins for Editor in 0.00 ms.
Mono: successfully reloaded assembly
- Completed reload, in  0.786 seconds
Platform modules already initialized, skipping
Shader 'Universal Render Pipeline/Particles/Lit': fallback shader 'Universal Render Pipeline/Particles/SimpleLit' not found
Refreshing native plugins compatible for Editor in 0.93 ms, found 1 plugins.
Preloading 0 native plugins for Editor in 0.00 ms.
Unloading 4721 Unused Serialized files (Serialized files now loaded: 0)
System memory in use before: 181.9 MB.
System memory in use after: 182.1 MB.

Unloading 13 unused Assets to reduce memory usage. Loaded Objects now: 5311.
Total: 3.043600 ms (FindLiveObjects: 0.405000 ms CreateObjectMapping: 0.300800 ms MarkObjects: 2.299300 ms  DeleteObjects: 0.037600 ms)

========================================================================
Received Import Request.
  Time since last request: 36.635521 seconds.
  path: Assets/Prefabs/Rocket.prefab
  artifactKey: Guid(7e87cd3c4c7fdb841a6726763298fc02) Importer(815301076,1909f56bfc062723c751e8b465ee728b)
Start importing Assets/Prefabs/Rocket.prefab using Guid(7e87cd3c4c7fdb841a6726763298fc02) Importer(815301076,1909f56bfc062723c751e8b465ee728b)  -> (artifact id: 'b8961b5a9e2231a3f44bf5e44d458f53') in 0.087500 seconds 
========================================================================
Received Prepare
Registering precompiled user dll's ...
Registered in 0.003650 seconds.
Begin MonoManager ReloadAssembly
Native extension for WindowsStandalone target not found
Refreshing native plugins compatible for Editor in 1.12 ms, found 1 plugins.
Preloading 0 native plugins for Editor in 0.00 ms.
Mono: successfully reloaded assembly
- Completed reload, in  1.025 seconds
Platform modules already initialized, skipping
Shader 'Universal Render Pipeline/Particles/Lit': fallback shader 'Universal Render Pipeline/Particles/SimpleLit' not found
Refreshing native plugins compatible for Editor in 1.26 ms, found 1 plugins.
Preloading 0 native plugins for Editor in 0.00 ms.
Unloading 4721 Unused Serialized files (Serialized files now loaded: 0)
System memory in use before: 181.9 MB.
System memory in use after: 182.1 MB.

Unloading 13 unused Assets to reduce memory usage. Loaded Objects now: 5315.
Total: 3.466100 ms (FindLiveObjects: 0.444400 ms CreateObjectMapping: 0.254300 ms MarkObjects: 2.722000 ms  DeleteObjects: 0.044400 ms)

========================================================================
Received Import Request.
  Time since last request: 42.530811 seconds.
  path: Assets/Prefabs/Rocket.prefab
  artifactKey: Guid(7e87cd3c4c7fdb841a6726763298fc02) Importer(815301076,1909f56bfc062723c751e8b465ee728b)
Start importing Assets/Prefabs/Rocket.prefab using Guid(7e87cd3c4c7fdb841a6726763298fc02) Importer(815301076,1909f56bfc062723c751e8b465ee728b)  -> (artifact id: '82f7a0997be7b9e2174395474bc5a647') in 0.089107 seconds 
========================================================================
Received Prepare
Registering precompiled user dll's ...
Registered in 0.003539 seconds.
Begin MonoManager ReloadAssembly
Native extension for WindowsStandalone target not found
Refreshing native plugins compatible for Editor in 1.26 ms, found 1 plugins.
Preloading 0 native plugins for Editor in 0.00 ms.
Mono: successfully reloaded assembly
- Completed reload, in  1.031 seconds
Platform modules already initialized, skipping
Shader 'Universal Render Pipeline/Particles/Lit': fallback shader 'Universal Render Pipeline/Particles/SimpleLit' not found
Refreshing native plugins compatible for Editor in 1.00 ms, found 1 plugins.
Preloading 0 native plugins for Editor in 0.00 ms.
Unloading 4721 Unused Serialized files (Serialized files now loaded: 0)
System memory in use before: 181.7 MB.
System memory in use after: 182.0 MB.

Unloading 13 unused Assets to reduce memory usage. Loaded Objects now: 5319.
Total: 3.429300 ms (FindLiveObjects: 0.435900 ms CreateObjectMapping: 0.343200 ms MarkObjects: 2.599100 ms  DeleteObjects: 0.050000 ms)

========================================================================
Received Import Request.
  Time since last request: 25.587247 seconds.
  path: Assets/Prefabs/Rocket.prefab
  artifactKey: Guid(7e87cd3c4c7fdb841a6726763298fc02) Importer(815301076,1909f56bfc062723c751e8b465ee728b)
Start importing Assets/Prefabs/Rocket.prefab using Guid(7e87cd3c4c7fdb841a6726763298fc02) Importer(815301076,1909f56bfc062723c751e8b465ee728b)  -> (artifact id: '3ae4e7d216207dd7b2d6fd1434da3bf8') in 0.095567 seconds 
========================================================================
Received Prepare
Registering precompiled user dll's ...
Registered in 0.003615 seconds.
Begin MonoManager ReloadAssembly
Native extension for WindowsStandalone target not found
Refreshing native plugins compatible for Editor in 1.02 ms, found 1 plugins.
Preloading 0 native plugins for Editor in 0.00 ms.
Mono: successfully reloaded assembly
- Completed reload, in  1.045 seconds
Platform modules already initialized, skipping
Shader 'Universal Render Pipeline/Particles/Lit': fallback shader 'Universal Render Pipeline/Particles/SimpleLit' not found
Refreshing native plugins compatible for Editor in 1.01 ms, found 1 plugins.
Preloading 0 native plugins for Editor in 0.00 ms.
Unloading 4721 Unused Serialized files (Serialized files now loaded: 0)
System memory in use before: 181.9 MB.
System memory in use after: 182.2 MB.

Unloading 13 unused Assets to reduce memory usage. Loaded Objects now: 5323.
Total: 3.428900 ms (FindLiveObjects: 0.457500 ms CreateObjectMapping: 0.267000 ms MarkObjects: 2.656000 ms  DeleteObjects: 0.047200 ms)

========================================================================
Received Import Request.
  Time since last request: 32.457110 seconds.
  path: Assets/Prefabs/Rocket.prefab
  artifactKey: Guid(7e87cd3c4c7fdb841a6726763298fc02) Importer(815301076,1909f56bfc062723c751e8b465ee728b)
Start importing Assets/Prefabs/Rocket.prefab using Guid(7e87cd3c4c7fdb841a6726763298fc02) Importer(815301076,1909f56bfc062723c751e8b465ee728b)  -> (artifact id: '9eabcc344277054b6c79fd9a7c898477') in 0.087252 seconds 
========================================================================
Received Import Request.
  Time since last request: 170.702233 seconds.
  path: Assets/Prefabs/Rocket.prefab
  artifactKey: Guid(7e87cd3c4c7fdb841a6726763298fc02) Importer(815301076,1909f56bfc062723c751e8b465ee728b)
Start importing Assets/Prefabs/Rocket.prefab using Guid(7e87cd3c4c7fdb841a6726763298fc02) Importer(815301076,1909f56bfc062723c751e8b465ee728b)  -> (artifact id: '530b51713a7806d6c2ab05b310ac8e9f') in 0.049164 seconds 
========================================================================
Received Prepare
Registering precompiled user dll's ...
Registered in 0.005867 seconds.
Begin MonoManager ReloadAssembly
Native extension for WindowsStandalone target not found
Refreshing native plugins compatible for Editor in 1.02 ms, found 1 plugins.
Preloading 0 native plugins for Editor in 0.00 ms.
Mono: successfully reloaded assembly
- Completed reload, in  1.078 seconds
Platform modules already initialized, skipping
Shader 'Universal Render Pipeline/Particles/Lit': fallback shader 'Universal Render Pipeline/Particles/SimpleLit' not found
Refreshing native plugins compatible for Editor in 0.98 ms, found 1 plugins.
Preloading 0 native plugins for Editor in 0.00 ms.
Unloading 4721 Unused Serialized files (Serialized files now loaded: 0)
System memory in use before: 181.9 MB.
System memory in use after: 182.2 MB.

Unloading 13 unused Assets to reduce memory usage. Loaded Objects now: 5327.
Total: 4.097500 ms (FindLiveObjects: 0.481100 ms CreateObjectMapping: 0.367600 ms MarkObjects: 3.207700 ms  DeleteObjects: 0.039700 ms)

========================================================================
Received Import Request.
  Time since last request: 29.032499 seconds.
  path: Assets/Prefabs/Rocket.prefab
  artifactKey: Guid(7e87cd3c4c7fdb841a6726763298fc02) Importer(815301076,1909f56bfc062723c751e8b465ee728b)
Start importing Assets/Prefabs/Rocket.prefab using Guid(7e87cd3c4c7fdb841a6726763298fc02) Importer(815301076,1909f56bfc062723c751e8b465ee728b)  -> (artifact id: '863172868f7cf3aeeb05847f89408e11') in 0.097298 seconds 
========================================================================
Received Prepare
Registering precompiled user dll's ...
Registered in 0.005431 seconds.
Begin MonoManager ReloadAssembly
Native extension for WindowsStandalone target not found
Refreshing native plugins compatible for Editor in 0.97 ms, found 1 plugins.
Preloading 0 native plugins for Editor in 0.00 ms.
Mono: successfully reloaded assembly
- Completed reload, in  1.047 seconds
Platform modules already initialized, skipping
Shader 'Universal Render Pipeline/Particles/Lit': fallback shader 'Universal Render Pipeline/Particles/SimpleLit' not found
Refreshing native plugins compatible for Editor in 1.10 ms, found 1 plugins.
Preloading 0 native plugins for Editor in 0.00 ms.
Unloading 4721 Unused Serialized files (Serialized files now loaded: 0)
System memory in use before: 181.9 MB.
System memory in use after: 182.2 MB.

Unloading 13 unused Assets to reduce memory usage. Loaded Objects now: 5331.
Total: 4.461700 ms (FindLiveObjects: 0.594100 ms CreateObjectMapping: 0.394400 ms MarkObjects: 3.423000 ms  DeleteObjects: 0.049100 ms)

========================================================================
Received Import Request.
  Time since last request: 26.479720 seconds.
  path: Assets/Prefabs/Rocket.prefab
  artifactKey: Guid(7e87cd3c4c7fdb841a6726763298fc02) Importer(815301076,1909f56bfc062723c751e8b465ee728b)
Start importing Assets/Prefabs/Rocket.prefab using Guid(7e87cd3c4c7fdb841a6726763298fc02) Importer(815301076,1909f56bfc062723c751e8b465ee728b)  -> (artifact id: '13ee15044d1fa835b4d3f1361b0c179a') in 0.091338 seconds 
========================================================================
Received Import Request.
  Time since last request: 4.337997 seconds.
  path: Assets/Prefabs/Rocket.prefab
  artifactKey: Guid(7e87cd3c4c7fdb841a6726763298fc02) Importer(815301076,1909f56bfc062723c751e8b465ee728b)
Start importing Assets/Prefabs/Rocket.prefab using Guid(7e87cd3c4c7fdb841a6726763298fc02) Importer(815301076,1909f56bfc062723c751e8b465ee728b)  -> (artifact id: 'c56fb209a4bd1d4baf30f5a360de47a5') in 0.186753 seconds 
========================================================================
Received Import Request.
  Time since last request: 2.808261 seconds.
  path: Assets/Prefabs/Rocket.prefab
  artifactKey: Guid(7e87cd3c4c7fdb841a6726763298fc02) Importer(815301076,1909f56bfc062723c751e8b465ee728b)
Start importing Assets/Prefabs/Rocket.prefab using Guid(7e87cd3c4c7fdb841a6726763298fc02) Importer(815301076,1909f56bfc062723c751e8b465ee728b)  -> (artifact id: 'a4028c0b7744b5e47e7263e82798e91a') in 0.092222 seconds 
========================================================================
Received Import Request.
  Time since last request: 5.178805 seconds.
  path: Assets/Prefabs/Rocket.prefab
  artifactKey: Guid(7e87cd3c4c7fdb841a6726763298fc02) Importer(815301076,1909f56bfc062723c751e8b465ee728b)
Start importing Assets/Prefabs/Rocket.prefab using Guid(7e87cd3c4c7fdb841a6726763298fc02) Importer(815301076,1909f56bfc062723c751e8b465ee728b)  -> (artifact id: 'f42b6f7c5eb68c899b7347ab229d55b6') in 0.093846 seconds 
========================================================================
Received Prepare
Registering precompiled user dll's ...
Registered in 0.004893 seconds.
Begin MonoManager ReloadAssembly
Native extension for WindowsStandalone target not found
Refreshing native plugins compatible for Editor in 1.44 ms, found 1 plugins.
Preloading 0 native plugins for Editor in 0.00 ms.
Mono: successfully reloaded assembly
- Completed reload, in  1.067 seconds
Platform modules already initialized, skipping
Shader 'Universal Render Pipeline/Particles/Lit': fallback shader 'Universal Render Pipeline/Particles/SimpleLit' not found
Refreshing native plugins compatible for Editor in 1.04 ms, found 1 plugins.
Preloading 0 native plugins for Editor in 0.00 ms.
Unloading 4721 Unused Serialized files (Serialized files now loaded: 0)
System memory in use before: 182.0 MB.
System memory in use after: 182.3 MB.

Unloading 13 unused Assets to reduce memory usage. Loaded Objects now: 5335.
Total: 3.200900 ms (FindLiveObjects: 0.414300 ms CreateObjectMapping: 0.261900 ms MarkObjects: 2.485400 ms  DeleteObjects: 0.038500 ms)

========================================================================
Received Import Request.
  Time since last request: 85.434601 seconds.
  path: Assets/Prefabs/Rocket.prefab
  artifactKey: Guid(7e87cd3c4c7fdb841a6726763298fc02) Importer(815301076,1909f56bfc062723c751e8b465ee728b)
Start importing Assets/Prefabs/Rocket.prefab using Guid(7e87cd3c4c7fdb841a6726763298fc02) Importer(815301076,1909f56bfc062723c751e8b465ee728b)  -> (artifact id: '391048b914d37f952a1097937fb33b72') in 0.100131 seconds 
========================================================================
Received Prepare
Registering precompiled user dll's ...
Registered in 0.005186 seconds.
Begin MonoManager ReloadAssembly
Native extension for WindowsStandalone target not found
Refreshing native plugins compatible for Editor in 1.33 ms, found 1 plugins.
Preloading 0 native plugins for Editor in 0.00 ms.
Mono: successfully reloaded assembly
- Completed reload, in  1.082 seconds
Platform modules already initialized, skipping
Shader 'Universal Render Pipeline/Particles/Lit': fallback shader 'Universal Render Pipeline/Particles/SimpleLit' not found
Refreshing native plugins compatible for Editor in 1.01 ms, found 1 plugins.
Preloading 0 native plugins for Editor in 0.00 ms.
Unloading 4721 Unused Serialized files (Serialized files now loaded: 0)
System memory in use before: 181.8 MB.
System memory in use after: 182.1 MB.

Unloading 13 unused Assets to reduce memory usage. Loaded Objects now: 5339.
Total: 3.622800 ms (FindLiveObjects: 0.456800 ms CreateObjectMapping: 0.361400 ms MarkObjects: 2.766600 ms  DeleteObjects: 0.036800 ms)

========================================================================
Received Import Request.
  Time since last request: 77.180214 seconds.
  path: Assets/Prefabs/Rocket.prefab
  artifactKey: Guid(7e87cd3c4c7fdb841a6726763298fc02) Importer(815301076,1909f56bfc062723c751e8b465ee728b)
Start importing Assets/Prefabs/Rocket.prefab using Guid(7e87cd3c4c7fdb841a6726763298fc02) Importer(815301076,1909f56bfc062723c751e8b465ee728b)  -> (artifact id: '2ee0645b0d3dd0a674e4233efbe49575') in 0.096488 seconds 
========================================================================
Received Prepare
Registering precompiled user dll's ...
Registered in 0.003742 seconds.
Begin MonoManager ReloadAssembly
Native extension for WindowsStandalone target not found
Refreshing native plugins compatible for Editor in 1.21 ms, found 1 plugins.
Preloading 0 native plugins for Editor in 0.00 ms.
Mono: successfully reloaded assembly
- Completed reload, in  1.065 seconds
Platform modules already initialized, skipping
Shader 'Universal Render Pipeline/Particles/Lit': fallback shader 'Universal Render Pipeline/Particles/SimpleLit' not found
Refreshing native plugins compatible for Editor in 1.02 ms, found 1 plugins.
Preloading 0 native plugins for Editor in 0.00 ms.
Unloading 4721 Unused Serialized files (Serialized files now loaded: 0)
System memory in use before: 182.0 MB.
System memory in use after: 182.3 MB.

Unloading 13 unused Assets to reduce memory usage. Loaded Objects now: 5343.
Total: 3.416800 ms (FindLiveObjects: 0.549600 ms CreateObjectMapping: 0.298300 ms MarkObjects: 2.531800 ms  DeleteObjects: 0.036000 ms)

========================================================================
Received Import Request.
  Time since last request: 40.442098 seconds.
  path: Assets/Prefabs/Rocket.prefab
  artifactKey: Guid(7e87cd3c4c7fdb841a6726763298fc02) Importer(815301076,1909f56bfc062723c751e8b465ee728b)
Start importing Assets/Prefabs/Rocket.prefab using Guid(7e87cd3c4c7fdb841a6726763298fc02) Importer(815301076,1909f56bfc062723c751e8b465ee728b)  -> (artifact id: '9983df74af8c27c9ccf6992a621dddb3') in 0.094139 seconds 
========================================================================
Received Import Request.
  Time since last request: 5.328726 seconds.
  path: Assets/Prefabs/Rocket.prefab
  artifactKey: Guid(7e87cd3c4c7fdb841a6726763298fc02) Importer(815301076,1909f56bfc062723c751e8b465ee728b)
Start importing Assets/Prefabs/Rocket.prefab using Guid(7e87cd3c4c7fdb841a6726763298fc02) Importer(815301076,1909f56bfc062723c751e8b465ee728b)  -> (artifact id: 'e86dd05600f4a61dd1e50236d428a0cd') in 0.047645 seconds 
========================================================================
Received Prepare
Registering precompiled user dll's ...
Registered in 0.003535 seconds.
Begin MonoManager ReloadAssembly
Native extension for WindowsStandalone target not found
Refreshing native plugins compatible for Editor in 1.00 ms, found 1 plugins.
Preloading 0 native plugins for Editor in 0.00 ms.
Mono: successfully reloaded assembly
- Completed reload, in  0.797 seconds
Platform modules already initialized, skipping
Shader 'Universal Render Pipeline/Particles/Lit': fallback shader 'Universal Render Pipeline/Particles/SimpleLit' not found
Refreshing native plugins compatible for Editor in 0.92 ms, found 1 plugins.
Preloading 0 native plugins for Editor in 0.00 ms.
Unloading 4721 Unused Serialized files (Serialized files now loaded: 0)
System memory in use before: 182.0 MB.
System memory in use after: 182.3 MB.

Unloading 13 unused Assets to reduce memory usage. Loaded Objects now: 5347.
Total: 3.055800 ms (FindLiveObjects: 0.410400 ms CreateObjectMapping: 0.381300 ms MarkObjects: 2.226800 ms  DeleteObjects: 0.036300 ms)

========================================================================
Received Import Request.
  Time since last request: 20.391579 seconds.
  path: Assets/Prefabs/Rocket.prefab
  artifactKey: Guid(7e87cd3c4c7fdb841a6726763298fc02) Importer(815301076,1909f56bfc062723c751e8b465ee728b)
Start importing Assets/Prefabs/Rocket.prefab using Guid(7e87cd3c4c7fdb841a6726763298fc02) Importer(815301076,1909f56bfc062723c751e8b465ee728b)  -> (artifact id: '955bc1204efe5e0dc548a7dce4eeee07') in 0.092096 seconds 
========================================================================
Received Prepare
Registering precompiled user dll's ...
Registered in 0.003515 seconds.
Begin MonoManager ReloadAssembly
Native extension for WindowsStandalone target not found
Refreshing native plugins compatible for Editor in 0.89 ms, found 1 plugins.
Preloading 0 native plugins for Editor in 0.00 ms.
Mono: successfully reloaded assembly
- Completed reload, in  0.820 seconds
Platform modules already initialized, skipping
Shader 'Universal Render Pipeline/Particles/Lit': fallback shader 'Universal Render Pipeline/Particles/SimpleLit' not found
Refreshing native plugins compatible for Editor in 0.89 ms, found 1 plugins.
Preloading 0 native plugins for Editor in 0.00 ms.
Unloading 4721 Unused Serialized files (Serialized files now loaded: 0)
System memory in use before: 182.0 MB.
System memory in use after: 182.3 MB.

Unloading 13 unused Assets to reduce memory usage. Loaded Objects now: 5351.
Total: 2.921300 ms (FindLiveObjects: 0.363400 ms CreateObjectMapping: 0.255000 ms MarkObjects: 2.263500 ms  DeleteObjects: 0.038300 ms)

========================================================================
Received Prepare
Shader 'Universal Render Pipeline/Particles/Lit': fallback shader 'Universal Render Pipeline/Particles/SimpleLit' not found
Refreshing native plugins compatible for Editor in 2.30 ms, found 1 plugins.
Preloading 0 native plugins for Editor in 0.00 ms.
Unloading 9 Unused Serialized files (Serialized files now loaded: 0)
System memory in use before: 88.7 MB.
System memory in use after: 89.0 MB.

Unloading 9 unused Assets to reduce memory usage. Loaded Objects now: 5351.
Total: 3.014100 ms (FindLiveObjects: 0.402000 ms CreateObjectMapping: 0.257200 ms MarkObjects: 2.341900 ms  DeleteObjects: 0.012200 ms)

AssetImportWorkerClient::OnTransportError - code=2 error=End of file
